[	07-03-2020 15:03:38	] [KICK ACTION] Player: SgtAbhi has kicked: [EMS]DAWOOD for: You have been kicked. Reason: Ems tag htaa kr aa.
[	08-03-2020 16:10:21	] [KICK ACTION] Player: SniperX has kicked: JattPlays for: You have been kicked. Reason: Stop This.
[	09-03-2020 14:08:00	] [KICK ACTION] Player: [EMS] Panic Trooper has kicked: Bear for: You have been kicked. Reason: abusing.
[	11-03-2020 11:02:04	] [KICK ACTION] Player: Zakoota has kicked: [Mechanic] ShehZad for: You have been kicked. Reason: REASON AFK.
[	11-03-2020 14:21:06	] [KICK ACTION] Player: SgtAbhi has kicked: [RAEES]FAREED for: You have been kicked. Reason: Change your tag to EMS.
[	14-03-2020 12:44:23	] [KICK ACTION] Player: [EMS]DAWOOD has kicked: [EMS]FAREED for: You have been kicked. Reason: KIA KR RHA HA?.
[	14-03-2020 12:50:17	] [BAN ACTION] A new ban record has been added. Player: 'InvalidPlayerName' was banned by '[EMS]DAWOOD' for 'Banned by staff.' until '14.03.2020 14:20:16'.
[	15-03-2020 09:23:50	] [KICK ACTION] Player: [LSPD] SniperX has kicked: Naswaar Khan [Shroff] for: You have been kicked. Reason: Change Your Name Tag Ems Tag Is Must.
[	15-03-2020 12:32:22	] [KICK ACTION] Player: [LSPD] SniperX has kicked: ROCKY for: You have been kicked. Reason: Read Rules.
[	15-03-2020 20:07:10	] [KICK ACTION] Player: [LSPD] SniperX has kicked:  for: You have been kicked. Reason: Restart.
[	16-03-2020 17:16:57	] [BAN ACTION] The following ban record has been removed (player unbanned). [Player: InvalidPlayerName was banned by [EMS]DAWOOD for Banned by staff. until 14.03.2020 14:20:16.]
[	16-03-2020 18:40:28	] [BAN ACTION] A new ban record has been added. Player: 'DehnssikivuT' was banned by 'AhsanQureshi' for 'Banned by staff.' until '17.03.2020 18:40:28'.
[	17-03-2020 14:22:52	] [KICK ACTION] Player: 🔥 ZAKOOTA 🔥 has kicked: 🔥MAK🔥 for: You have been kicked. Reason: RDM.
[	17-03-2020 17:49:16	] [KICK ACTION] Player: [LSPD] SgtAbhi has kicked: [RAEES] Zexa for: You have been kicked. Reason: deafen kr.
[	17-03-2020 22:58:07	] [KICK ACTION] Player: Hamid Naeem has kicked: MUDIZ for: You have been kicked. Reason: tameez seekh ke aoo.
[	17-03-2020 23:00:20	] [BAN ACTION] A new ban record has been added. Player: 'MUDIZ' was banned by 'Hamid Naeem' for 'Banned by staff. chal bache gand marwa pathano se mera naam hassan ha jaa jaky lulla choos mera' until '01.01.3000 00:00:00'.
[	18-03-2020 13:32:11	] [KICK ACTION] Player: [ Weazel News] MR Mini has kicked: [EMS] ATTANK101 for: You have been kicked. Reason: please sit in your dispatch channel next time u will  be banned.
[	18-03-2020 14:35:05	] [KICK ACTION] Player: 🔥 ZAKOOTA 🔥 has kicked:  for: You have been kicked. Reason: AFK KICK.
[	18-03-2020 14:35:55	] [KICK ACTION] Player: 🔥 ZAKOOTA 🔥 has kicked: (AGENCY) for: You have been kicked. Reason: AFK .
[	18-03-2020 14:56:07	] [BAN ACTION] A new ban record has been added. Player: 'Wicked' was banned by '[ Weazel News] MR Mini' for 'Banned by staff.fuck off' until '01.01.3000 00:00:00'.
[	18-03-2020 21:24:07	] [KICK ACTION] Player: Hamid Naeem has kicked:  for: You have been kicked. Reason: rejoin you are bugged micheal character.
[	21-03-2020 15:21:17	] [BAN ACTION] The following ban record has been removed (player unbanned). [Player: MUDIZ was banned by Hamid Naeem for Banned by staff. chal bache gand marwa pathano se mera naam hassan ha jaa jaky lulla choos mera until 1/1/3000 12:00:00 AM.]
[	22-03-2020 15:46:28	] [KICK ACTION] Player: Ahsan Qureshi has kicked: Sisustaj4 for: You have been kicked. Reason: Fail RP.
[	23-03-2020 14:10:26	] [KICK ACTION] Player: 🔥DADDY ✔ 🔥 has kicked: Hari Ram for: You have been kicked. Reason: RDM.
[	23-03-2020 14:29:35	] [BAN ACTION] A new ban record has been added. Player: 'Hari Ram' was banned by 'DADDY' for 'RDM' until '3/23/2020 3:59:35 PM'.
[	23-03-2020 14:29:47	] [KICK ACTION] Player: 🔥DADDY ✔ 🔥 has kicked: [Mechanic] ShehZad for: You have been kicked. Reason: RDM.
[	23-03-2020 14:31:21	] [BAN ACTION] A new ban record has been added. Player: '[MAFIA]Fury' was banned by 'DADDY' for 'VDM' until '3/23/2020 4:01:21 PM'.
[	23-03-2020 14:51:07	] [BAN ACTION] The following ban record has been removed (player unbanned). [Player: [MAFIA]Fury was banned by DADDY for VDM until 3/23/2020 4:01:21 PM.]
[	23-03-2020 16:27:31	] [KICK ACTION] Player: 🔥DADDY ✔ 🔥 has kicked:  for: You have been kicked. Reason: rdm.
[	23-03-2020 19:19:48	] [BAN ACTION] A new ban record has been added. Player: 'InvalidPlayerName' was banned by '[yakuza] Hassan' for 'Banned by staff.' until '1/1/3000 12:00:00 AM'.
[	23-03-2020 19:20:20	] [BAN ACTION] A new ban record has been added. Player: 'Glock*' was banned by 'DADDY' for 'Banned by staff.' until '3/23/2020 8:50:20 PM'.
[	23-03-2020 19:20:41	] [BAN ACTION] A new ban record has been added. Player: 'Die-11' was banned by 'DADDY' for 'Banned by staff.' until '3/23/2020 8:50:41 PM'.
[	23-03-2020 19:33:03	] [BAN ACTION] The following ban record has been removed (player unbanned). [Player: Glock* was banned by DADDY for Banned by staff. until 3/23/2020 8:50:20 PM.]
[	23-03-2020 19:33:06	] [BAN ACTION] The following ban record has been removed (player unbanned). [Player: Die-11 was banned by DADDY for Banned by staff. until 3/23/2020 8:50:41 PM.]
[	24-03-2020 11:36:30	] [BAN ACTION] A new ban record has been added. Player: 'PAPI' was banned by 'DADDY' for 'Banned by staff.' until '3/24/2020 1:06:30 PM'.
[	24-03-2020 11:51:39	] [BAN ACTION] A new ban record has been added. Player: 'AKS_AHSAN' was banned by 'DADDY' for 'Banned by staff.' until '3/24/2020 1:21:39 PM'.
[	24-03-2020 14:53:54	] [BAN ACTION] The following ban record has been removed (player unbanned). The player has been unbanned because their ban duration expired. [Player: AKS_AHSAN was banned by DADDY for Banned by staff. until 3/24/2020 1:21:39 PM.]
[	24-03-2020 14:58:11	] [BAN ACTION] The following ban record has been removed (player unbanned). The player has been unbanned because their ban duration expired. [Player: PAPI was banned by DADDY for Banned by staff. until 3/24/2020 1:06:30 PM.]
[	24-03-2020 15:00:48	] [BAN ACTION] A new ban record has been added. Player: 'Showkilla' was banned by '[yakuza] Hassan' for 'Banned by staff.' until '1/1/3000 12:00:00 AM'.
[	24-03-2020 15:02:32	] [BAN ACTION] A new ban record has been added. Player: 'InvalidPlayerName' was banned by 'DADDY' for 'Banned by staff.' until '3/24/2020 4:32:32 PM'.
[	24-03-2020 16:55:11	] [BAN ACTION] A new ban record has been added. Player: '[EMS] FurY' was banned by '[yakuza] Hassan' for 'Banned by staff.chal; nikal bhai tameez sikho phle' until '1/1/3000 12:00:00 AM'.
[	24-03-2020 16:57:47	] [BAN ACTION] The following ban record has been removed (player unbanned). [Player: [EMS] FurY was banned by [yakuza] Hassan for Banned by staff.chal; nikal bhai tameez sikho phle until 1/1/3000 12:00:00 AM.]
[	24-03-2020 18:39:16	] [BAN ACTION] A new ban record has been added. Player: 'Ayan_Rajpoot' was banned by 'DADDY' for 'Banned by staff.' until '1/1/3000 12:00:00 AM'.
[	24-03-2020 18:46:56	] [BAN ACTION] The following ban record has been removed (player unbanned). [Player: Ayan_Rajpoot was banned by DADDY for Banned by staff. until 1/1/3000 12:00:00 AM.]
[	24-03-2020 22:09:06	] [BAN ACTION] A new ban record has been added. Player: 'SLAYER' was banned by '[yakuza] Hassan' for 'Banned by staff.' until '1/1/3000 12:00:00 AM'.
[	25-03-2020 05:08:12	] [KICK ACTION] Player: 🔥DADDY ✔ 🔥 has kicked: [MAFIA]Fury for: You have been kicked. Reason: nikal.
[	25-03-2020 09:42:48	] [BAN ACTION] A new ban record has been added. Player: '[MAFIA]Fury' was banned by '[IG] Ahsan Qureshi' for 'Banned by AhsanQureshi due to Fail-RP.' until '4/1/2020 9:42:48 AM'.
[	25-03-2020 11:47:22	] [BAN ACTION] The following ban record has been removed (player unbanned). [Player: [MAFIA]Fury was banned by [IG] Ahsan Qureshi for Banned by AhsanQureshi due to Fail-RP. until 4/1/2020 9:42:48 AM.]
[	25-03-2020 18:00:58	] [KICK ACTION] Player: ⛄ [yakuza] Hassan has kicked: problemseeker for: You have been kicked. Reason: rejoin you are badly glitched.
[	25-03-2020 18:46:46	] [BAN ACTION] A new ban record has been added. Player: 'wilsonchandekar' was banned by '[yakuza] Hassan' for 'Banned by staff.hacking' until '1/1/3000 12:00:00 AM'.
[	25-03-2020 21:09:47	] [BAN ACTION] A new ban record has been added. Player: 'PAPI' was banned by '[yakuza] Hassan' for 'Banned by staff.' until '1/1/3000 12:00:00 AM'.
[	26-03-2020 09:59:05	] [KICK ACTION] Player: [IG] Ahsan Qureshi 👮 has kicked: SkulL-xXx for: You have been kicked. Reason: AFK.
[	26-03-2020 10:50:48	] [BAN ACTION] A new ban record has been added. Player: '[Golden Lords] M' was banned by '[IG] Ahsan Qureshi' for 'Banned by staff. Due to Carrying people at PD under police custody..' until '3/26/2020 11:50:48 AM'.
[	26-03-2020 12:12:56	] [BAN ACTION] The following ban record has been removed (player unbanned). The player has been unbanned because their ban duration expired. [Player: [Golden Lords] M was banned by [IG] Ahsan Qureshi for Banned by staff. Due to Carrying people at PD under police custody.. until 3/26/2020 11:50:48 AM.]
[	26-03-2020 17:44:06	] [BAN ACTION] The following ban record has been removed (player unbanned). The player has been unbanned because their ban duration expired. [Player: Hari Ram was banned by DADDY for RDM until 3/23/2020 3:59:35 PM.]
[	26-03-2020 18:57:30	] [BAN ACTION] A new ban record has been added. Player: 'Spinner' was banned by 'DADDY' for 'Banned by staff.' until '1/1/3000 12:00:00 AM'.
[	26-03-2020 21:10:41	] [BAN ACTION] A new ban record has been added. Player: '#1Robin7_0Hood' was banned by 'DADDY' for 'Banned by staff.' until '1/1/3000 12:00:00 AM'.
[	27-03-2020 07:52:46	] [BAN ACTION] A new ban record has been added. Player: 'Skoobaru' was banned by 'DADDY' for 'Banned by staff.' until '1/1/3000 12:00:00 AM'.
[	27-03-2020 07:52:53	] [BAN ACTION] A new ban record has been added. Player: 'InvalidPlayerName' was banned by '[IG] Ahsan Qureshi' for 'Banned by staff.' until '1/1/3000 12:00:00 AM'.
[	27-03-2020 07:53:05	] [BAN ACTION] A new ban record has been added. Player: 'karan_dc2' was banned by 'DADDY' for 'Banned by staff.' until '1/1/3000 12:00:00 AM'.
[	27-03-2020 07:53:14	] [BAN ACTION] A new ban record has been added. Player: 'tony elmontana' was banned by 'DADDY' for 'Banned by staff.' until '1/1/3000 12:00:00 AM'.
[	27-03-2020 07:53:21	] [BAN ACTION] A new ban record has been added. Player: 'InvalidPlayerName' was banned by 'DADDY' for 'Banned by staff.' until '1/1/3000 12:00:00 AM'.
[	27-03-2020 09:26:32	] [KICK ACTION] Player: 🔥DADDY ✔ 🔥 has kicked: ☢ REPTILEツ for: You have been kicked. Reason: restart kro ap invisble ho.
[	27-03-2020 11:46:33	] [BAN ACTION] A new ban record has been added. Player: '[GL] Huzaifa' was banned by 'DADDY' for 'Banned by staff.' until '3/28/2020 11:46:33 AM'.
[	27-03-2020 17:07:48	] [BAN ACTION] The following ban record has been removed (player unbanned). [Player: [GL] Huzaifa was banned by DADDY for Banned by staff. until 3/28/2020 11:46:33 AM.]
[	27-03-2020 22:01:38	] [BAN ACTION] A new ban record has been added. Player: 'MrKite' was banned by '[yakuza] Hassan' for 'Banned by staff.' until '1/1/3000 12:00:00 AM'.
[	27-03-2020 22:09:47	] [BAN ACTION] The following ban record has been removed (player unbanned). [Player: MrKite was banned by [yakuza] Hassan for Banned by staff. until 1/1/3000 12:00:00 AM.]
[	28-03-2020 09:21:07	] [KICK ACTION] Player: VENOM has kicked: 🅽 🅼 🅴~𝓕𝓐𝓓𝓘 for: You have been kicked. Reason: name change kr k ao.
[	28-03-2020 09:22:59	] [KICK ACTION] Player: 🔥DADDY ✔ 🔥 has kicked: [MAFIA]Fury for: You have been kicked. Reason: remove your mafia tag n set your gang tag .
[	28-03-2020 10:48:50	] [BAN ACTION] A new ban record has been added. Player: 'Landan Jaffery' was banned by 'DADDY' for 'Banned by staff.' until '3/28/2020 12:18:50 PM'.
[	28-03-2020 10:48:56	] [BAN ACTION] A new ban record has been added. Player: 'InvalidPlayerName' was banned by 'DADDY' for 'Banned by staff.' until '1/1/3000 12:00:00 AM'.
[	28-03-2020 11:03:40	] [BAN ACTION] A new ban record has been added. Player: 'Sisustaj4' was banned by 'DADDY' for 'Banned by staff.' until '1/1/3000 12:00:00 AM'.
[	28-03-2020 18:13:33	] [BAN ACTION] The following ban record has been removed (player unbanned). The player has been unbanned because their ban duration expired. [Player: Landan Jaffery was banned by DADDY for Banned by staff. until 3/28/2020 12:18:50 PM.]
[	29-03-2020 00:09:05	] [BAN ACTION] A new ban record has been added. Player: 'Uncle majboor' was banned by '[MAFIA] Hassan' for 'Banned by staff.if you think the ban is inapropriate contact the admins' until '1/1/3000 12:00:00 AM'.
[	29-03-2020 10:29:38	] [BAN ACTION] A new ban record has been added. Player: 'Landan Jaffery' was banned by 'DADDY' for 'Banned by staff.' until '1/1/3000 12:00:00 AM'.
[	29-03-2020 17:08:07	] [BAN ACTION] A new ban record has been added. Player: '[GL] VICKY' was banned by '[MAFIA] Hassan' for 'Banned by staff.god mode detected if you got proof then please contact to admins with proof' until '1/1/3000 12:00:00 AM'.
[	29-03-2020 17:17:00	] [BAN ACTION] The following ban record has been removed (player unbanned). [Player: [GL] VICKY was banned by [MAFIA] Hassan for Banned by staff.god mode detected if you got proof then please contact to admins with proof until 1/1/3000 12:00:00 AM.]
[	30-03-2020 14:25:44	] [BAN ACTION] A new ban record has been added. Player: 'AIMANxGAMER' was banned by 'DADDY' for 'Banned by staff.' until '1/1/3000 12:00:00 AM'.
[	30-03-2020 16:03:28	] [KICK ACTION] Player: 🔥DADDY ✔ 🔥 has kicked: NME-FurY for: You have been kicked. Reason: dont dubble revive.
[	31-03-2020 11:12:15	] [BAN ACTION] The following ban record has been removed (player unbanned). [Player: Landan Jaffery was banned by DADDY for Banned by staff. until 1/1/3000 12:00:00 AM.]
[	01-04-2020 11:11:40	] [BAN ACTION] A new ban record has been added. Player: '[LSPD]FaDi' was banned by 'AhsanQureshi' for 'Banned by staff.' until '4/2/2020 11:11:40 AM'.
[	01-04-2020 11:44:20	] [BAN ACTION] The following ban record has been removed (player unbanned). [Player: [LSPD]FaDi was banned by AhsanQureshi for Banned by staff. until 4/2/2020 11:11:40 AM.]
[	01-04-2020 12:39:20	] [KICK ACTION] Player: AhsanQureshi™ has kicked: [Mechanic] malik for: You have been kicked. Reason: Kicked.
[	01-04-2020 13:04:13	] [KICK ACTION] Player: AhsanQureshi™ has kicked: ali1vegeta for: You have been kicked. Reason: restart.
[	01-04-2020 13:04:20	] [KICK ACTION] Player: AhsanQureshi™ has kicked: Zain Butt for: You have been kicked. Reason: restart.
[	01-04-2020 13:04:26	] [KICK ACTION] Player: AhsanQureshi™ has kicked: 👮 [LSPD] SHADOW for: You have been kicked. Reason: restart.
[	01-04-2020 13:04:38	] [KICK ACTION] Player: AhsanQureshi™ has kicked: Usman for: You have been kicked. Reason: restart.
[	01-04-2020 13:04:45	] [KICK ACTION] Player: AhsanQureshi™ has kicked:  for: You have been kicked. Reason: restart.
[	01-04-2020 13:04:51	] [KICK ACTION] Player: AhsanQureshi™ has kicked:  for: You have been kicked. Reason: restart.
[	01-04-2020 13:04:56	] [KICK ACTION] Player: AhsanQureshi™ has kicked: [LSPD] awladeen for: You have been kicked. Reason: restart.
[	01-04-2020 17:12:55	] [KICK ACTION] Player: 🔥DADDY ✔ 🔥 has kicked: Usman for: You have been kicked. Reason: RDM NOOB.
[	02-04-2020 07:35:06	] [BAN ACTION] A new ban record has been added. Player: 'InvalidPlayerName' was banned by 'DADDY' for 'Banned by staff.' until '1/1/3000 12:00:00 AM'.
[	02-04-2020 10:23:41	] [BAN ACTION] A new ban record has been added. Player: '[GL] MASK' was banned by 'DADDY' for 'Banned by staff.' until '1/1/3000 12:00:00 AM'.
[	02-04-2020 13:34:03	] [KICK ACTION] Player: 🔥DADDY ✔ 🔥 has kicked: Usman for: You have been kicked. Reason: rdm.
[	02-04-2020 21:51:50	] [KICK ACTION] Player: 🔥DADDY ✔ 🔥 has kicked: [AE]ALNUAIMI for: You have been kicked. Reason: VDM.
[	02-04-2020 21:52:16	] [KICK ACTION] Player: 🔥DADDY ✔ 🔥 has kicked: ABINJ for: You have been kicked. Reason: VDM.
[	03-04-2020 16:48:24	] [KICK ACTION] Player: [LSPD] AB!D has kicked: 👮[LSPD] Brainiac for: You have been kicked. Reason: RDM AND USING BAD WORDS.
[	04-04-2020 06:56:06	] [BAN ACTION] A new ban record has been added. Player: 'anh 5 c lm' was banned by 'DADDY' for 'Banned by staff.' until '4/4/2020 8:26:06 AM'.
[	04-04-2020 10:49:11	] [BAN ACTION] A new ban record has been added. Player: 'InvalidPlayerName' was banned by '[LSPD] AB!D' for 'Banned by staff.' until '4/4/2020 11:49:11 AM'.
[	05-04-2020 20:43:57	] [BAN ACTION] A new ban record has been added. Player: '[MAFIA] Spidey' was banned by '[MAFIA] Hassan' for 'Banned by staff.' until '4/5/2020 10:13:57 PM'.
[	05-04-2020 20:44:06	] [BAN ACTION] A new ban record has been added. Player: '[MAFIA] REBEL' was banned by '[MAFIA] Hassan' for 'Banned by staff.' until '4/5/2020 10:14:06 PM'.
[	05-04-2020 22:19:13	] [BAN ACTION] The following ban record has been removed (player unbanned). The player has been unbanned because their ban duration expired. [Player: [MAFIA] REBEL was banned by [MAFIA] Hassan for Banned by staff. until 4/5/2020 10:14:06 PM.]
[	05-04-2020 22:25:56	] [BAN ACTION] The following ban record has been removed (player unbanned). The player has been unbanned because their ban duration expired. [Player: [MAFIA] Spidey was banned by [MAFIA] Hassan for Banned by staff. until 4/5/2020 10:13:57 PM.]
[	06-04-2020 21:18:24	] [BAN ACTION] A new ban record has been added. Player: '[Ninja] Suppari' was banned by 'DADDY' for 'Banned by staff.' until '4/7/2020 9:18:24 PM'.
[	07-04-2020 09:32:03	] [BAN ACTION] A new ban record has been added. Player: 'KHAN BABA' was banned by 'DADDY' for 'Banned by staff.' until '1/1/3000 12:00:00 AM'.
[	07-04-2020 14:54:47	] [KICK ACTION] Player: 🔥DADDY ✔ 🔥 has kicked: HeroxGamingYT for: You have been kicked. Reason: TAMEEZ SEKH KY AO.
[	07-04-2020 20:41:43	] [KICK ACTION] Player: 👮 [LSPD] MR Mini has kicked: [RAEES] FurY for: You have been kicked. Reason: get out dont cheak police.
[	07-04-2020 20:42:06	] [KICK ACTION] Player: 👮 [LSPD] MR Mini has kicked: [RAEES] DK for: You have been kicked. Reason: dont cheak police.
[	07-04-2020 20:42:41	] [KICK ACTION] Player: 👮 [LSPD] MR Mini has kicked: [RAEES] Zexa for: You have been kicked. Reason: DOnt search again.
[	07-04-2020 22:39:02	] [BAN ACTION] The following ban record has been removed (player unbanned). The player has been unbanned because their ban duration expired. [Player: [Ninja] Suppari was banned by DADDY for Banned by staff. until 4/7/2020 9:18:24 PM.]
[	08-04-2020 09:26:09	] [BAN ACTION] A new ban record has been added. Player: 'DIESL' was banned by '[LSPD] AB!D' for 'Banned by staff' until '4/9/2020 9:26:09 AM'.
[	08-04-2020 09:28:13	] [BAN ACTION] A new ban record has been added. Player: '[SSG]  SK' was banned by '[LSPD] AB!D' for 'Banned by staff.' until '4/9/2020 3:28:13 PM'.
[	08-04-2020 10:03:22	] [BAN ACTION] The following ban record has been removed (player unbanned). [Player: [SSG]  SK was banned by [LSPD] AB!D for Banned by staff. until 4/9/2020 3:28:13 PM.]
[	08-04-2020 12:14:14	] [KICK ACTION] Player: 🔥DADDY ✔ 🔥 has kicked: DATTU BHAI for: You have been kicked. Reason: sharam kr.
[	08-04-2020 21:00:46	] [KICK ACTION] Player: 🎩 [MAFIA] Hassan has kicked:  for: You have been kicked. Reason: bro you are glitched please rejoin.
[	09-04-2020 16:03:24	] [BAN ACTION] A new ban record has been added. Player: 'Tera Baap Bc' was banned by '[MAFIA] Hassan' for 'Banned by staff.' until '4/10/2020 4:03:24 PM'.
[	09-04-2020 20:36:46	] [BAN ACTION] A new ban record has been added. Player: 'Shadow' was banned by 'DADDY' for 'Banned by staff.   COME TO VC ' until '1/1/3000 12:00:00 AM'.
[	09-04-2020 21:00:26	] [BAN ACTION] The following ban record has been removed (player unbanned). [Player: Shadow was banned by DADDY for Banned by staff.   COME TO VC  until 1/1/3000 12:00:00 AM.]
[	10-04-2020 14:43:48	] [KICK ACTION] Player: [LSPD] AB!D has kicked: averxnce for: You have been kicked. Reason: Kick by staff.
[	10-04-2020 14:45:12	] [BAN ACTION] A new ban record has been added. Player: 'VBreak_YT' was banned by '[LSPD] AB!D' for 'Banned by staff.' until '4/11/2020 3:45:12 PM'.
[	10-04-2020 14:49:26	] [BAN ACTION] A new ban record has been added. Player: 'averxnce' was banned by '[LSPD] AB!D' for 'Banned by staff.' until '4/12/2020 4:49:26 PM'.
[	10-04-2020 16:19:05	] [BAN ACTION] A new ban record has been added. Player: 'JUDI' was banned by '[LSPD] AB!D' for 'Banned by staff.' until '4/17/2020 4:19:05 PM'.
[	10-04-2020 16:37:17	] [BAN ACTION] A new ban record has been added. Player: 'Trox Gaming' was banned by 'DADDY' for 'Banned by staff.' until '1/1/3000 12:00:00 AM'.
[	10-04-2020 20:03:43	] [BAN ACTION] A new ban record has been added. Player: 'Kihom Gaming' was banned by 'Unknown' for 'Banned by staff. Contact on discord' until '1/1/3000 12:00:00 AM'.
[	10-04-2020 20:24:59	] [BAN ACTION] A new ban record has been added. Player: 'gunraj' was banned by '[LSPD] AB!D' for 'Banned by staff.' until '4/17/2020 8:24:59 PM'.
[	10-04-2020 20:38:55	] [BAN ACTION] A new ban record has been added. Player: 'sudhanshu' was banned by '[LSPD] AB!D' for 'Banned by staff.' until '1/1/3000 12:00:00 AM'.
[	10-04-2020 20:47:23	] [BAN ACTION] A new ban record has been added. Player: 'caxer97270' was banned by '[LSPD] AB!D' for 'Banned by staff.' until '1/1/3000 12:00:00 AM'.
[	10-04-2020 21:06:26	] [BAN ACTION] A new ban record has been added. Player: 'Conrad' was banned by '[LSPD] AB!D' for 'Banned by staff.' until '4/11/2020 9:06:26 PM'.
[	11-04-2020 10:41:46	] [KICK ACTION] Player: DAWOOD MALIK has kicked: AMINA [{(LSPD)}] for: You have been kicked. Reason: CARRY PLAYER WHILE DIED AND HANDCUFF  DON'T DO THIS AGAIN OTHERWISE WE WILL TAKE ACTION .
[	11-04-2020 12:57:57	] [BAN ACTION] A new ban record has been added. Player: 'ZeUs' was banned by 'DADDY' for 'Banned by staff.' until '1/1/3000 12:00:00 AM'.
[	11-04-2020 13:11:50	] [BAN ACTION] A new ban record has been added. Player: 'JAMALI USTAAD' was banned by '[LSPD] AB!D' for 'Banned by staff.' until '1/1/3000 12:00:00 AM'.
[	11-04-2020 13:47:27	] [KICK ACTION] Player: [LSPD] AB!D has kicked: 👮 [LSPD] Farhan for: You have been kicked. Reason: pehli fursat me nikal .
[	11-04-2020 16:01:19	] [BAN ACTION] A new ban record has been added. Player: 'rogos' was banned by 'DADDY' for 'Banned by staff.' until '1/1/3000 12:00:00 AM'.
[	11-04-2020 17:21:21	] [BAN ACTION] A new ban record has been added. Player: 'AKS_AHSAN' was banned by 'DADDY' for 'Banned by staff.' until '1/1/3000 12:00:00 AM'.
[	11-04-2020 20:29:35	] [BAN ACTION] A new ban record has been added. Player: 'JOKER' was banned by '[LSPD] AB!D' for 'Banned by staff.' until '1/1/3000 12:00:00 AM'.
[	11-04-2020 21:27:46	] [BAN ACTION] A new ban record has been added. Player: 'MO' was banned by '[LSPD] AB!D' for 'Banned by staff.' until '4/12/2020 9:27:46 PM'.
[	11-04-2020 21:28:15	] [BAN ACTION] A new ban record has been added. Player: 'RAMSAY' was banned by '[LSPD] AB!D' for 'Banned by staff.' until '4/12/2020 9:28:15 PM'.
[	12-04-2020 17:00:50	] [BAN ACTION] A new ban record has been added. Player: 'KING_4EVER' was banned by '[LSPD] AB!D' for 'Banned by staff.' until '4/13/2020 5:00:50 PM'.
[	12-04-2020 17:01:05	] [BAN ACTION] A new ban record has been added. Player: '{ Legit }' was banned by '[LSPD] AB!D' for 'Banned by staff.' until '4/13/2020 5:01:05 PM'.
[	12-04-2020 17:01:34	] [BAN ACTION] A new ban record has been added. Player: 'Knight Wolf' was banned by '[LSPD] AB!D' for 'Banned by staff.' until '4/13/2020 5:01:34 PM'.
[	12-04-2020 17:16:00	] [BAN ACTION] The following ban record has been removed (player unbanned). [Player: Knight Wolf was banned by [LSPD] AB!D for Banned by staff. until 4/13/2020 5:01:34 PM.]
[	12-04-2020 17:16:02	] [BAN ACTION] The following ban record has been removed (player unbanned). [Player: { Legit } was banned by [LSPD] AB!D for Banned by staff. until 4/13/2020 5:01:05 PM.]
[	12-04-2020 17:16:05	] [BAN ACTION] The following ban record has been removed (player unbanned). [Player: KING_4EVER was banned by [LSPD] AB!D for Banned by staff. until 4/13/2020 5:00:50 PM.]
[	12-04-2020 19:18:27	] [KICK ACTION] Player: Medal has kicked: ajaypatil672 for: You have been kicked. Reason: Change your name and come to discord.
[	12-04-2020 19:40:06	] [BAN ACTION] A new ban record has been added. Player: 'HeroxGamingYT' was banned by 'Ali X Gaming' for 'Banned by  AhsanQureshi due to attacking at Police officer in Police Department. Banned for 24 Hours Contact on Discord for help and un-ban request.' until '1/1/3000 12:00:00 AM'.
[	12-04-2020 19:59:10	] [BAN ACTION] A new ban record has been added. Player: 'SKIVJET' was banned by 'Ali X Gaming' for 'Banned by staff.' until '1/1/3000 12:00:00 AM'.
[	12-04-2020 20:52:13	] [BAN ACTION] A new ban record has been added. Player: 'FadiNax' was banned by 'Medal' for 'Banned by staff.VDM' until '1/1/3000 12:00:00 AM'.
[	12-04-2020 21:43:42	] [KICK ACTION] Player: Medal has kicked: Gumber for: You have been kicked. Reason: code red without warning if u do this 1 more time then we will take serious action.
[	12-04-2020 21:44:56	] [KICK ACTION] Player: Medal has kicked: ajaypatil672 for: You have been kicked. Reason: Talking Discord and come in discord In city dont do another time otherwise we will takeseriousaction.
[	12-04-2020 23:34:09	] [BAN ACTION] A new ban record has been added. Player: 'Gumber' was banned by '[LSPD] AB!D' for 'RDM AND VDM ' until '4/13/2020 11:34:09 PM'.
[	12-04-2020 23:37:21	] [BAN ACTION] The following ban record has been removed (player unbanned). [Player: Gumber was banned by [LSPD] AB!D for RDM AND VDM  until 4/13/2020 11:34:09 PM.]
[	13-04-2020 00:08:47	] [KICK ACTION] Player: [LSPD] AB!D has kicked: Jagex for: You have been kicked. Reason: kick by staff.
[	13-04-2020 00:09:10	] [KICK ACTION] Player: [LSPD] AB!D has kicked: Xains for: You have been kicked. Reason: kick by staff.
[	13-04-2020 11:30:13	] [KICK ACTION] Player: DAWOOD MALIK has kicked: ☣ [Ace] BEAST for: You have been kicked. Reason: PUNCH EMS IN SAFEZONE.
[	13-04-2020 19:03:11	] [BAN ACTION] A new ban record has been added. Player: '[CAR DEALER] IJMAL KHAN' was banned by 'Medal' for 'Banned by Ahsan Qureshi Due to fail rp ' until '4/14/2020 1:03:11 AM'.
[	13-04-2020 19:16:50	] [BAN ACTION] The following ban record has been removed (player unbanned). [Player: [CAR DEALER] IJMAL KHAN was banned by Medal for Banned by Ahsan Qureshi Due to fail rp  until 4/14/2020 1:03:11 AM.]
[	13-04-2020 19:17:05	] [BAN ACTION] The following ban record has been removed (player unbanned). [Player: FadiNax was banned by Medal for Banned by staff.VDM until 1/1/3000 12:00:00 AM.]
[	14-04-2020 19:25:03	] [BAN ACTION] A new ban record has been added. Player: '$teel Shot' was banned by '[LSPD] AB!D' for 'Banned by staff.' until '4/21/2020 7:25:03 PM'.
[	14-04-2020 19:26:21	] [BAN ACTION] A new ban record has been added. Player: 'HYBRID' was banned by '[LSPD] AB!D' for 'Banned by staff.' until '4/21/2020 7:26:21 PM'.
[	15-04-2020 05:09:06	] [BAN ACTION] A new ban record has been added. Player: 'Nemesis' was banned by 'DADDY' for 'Banned by staff. fuck you' until '1/1/3000 12:00:00 AM'.
[	15-04-2020 05:14:56	] [BAN ACTION] The following ban record has been removed (player unbanned). [Player: Nemesis was banned by DADDY for Banned by staff. fuck you until 1/1/3000 12:00:00 AM.]
[	15-04-2020 13:21:44	] [BAN ACTION] The following ban record has been removed (player unbanned). [Player: Uncle majboor was banned by [MAFIA] Hassan for Banned by staff.if you think the ban is inapropriate contact the admins until 1/1/3000 12:00:00 AM.]
[	15-04-2020 13:54:44	] [BAN ACTION] The following ban record has been removed (player unbanned). [Player: AKS_AHSAN was banned by DADDY for Banned by staff. until 1/1/3000 12:00:00 AM.]
[	15-04-2020 14:21:42	] [KICK ACTION] Player: [LSPD] AB!D has kicked: minion for: You have been kicked. Reason: kick by staff.
[	15-04-2020 17:34:11	] [KICK ACTION] Player: Ali X Gaming has kicked: Adil for: You have been kicked. Reason: afk.
[	15-04-2020 17:34:32	] [BAN ACTION] The following ban record has been removed (player unbanned). [Player: $teel Shot was banned by [LSPD] AB!D for Banned by staff. until 4/21/2020 7:25:03 PM.]
[	15-04-2020 17:34:35	] [BAN ACTION] The following ban record has been removed (player unbanned). [Player: HYBRID was banned by [LSPD] AB!D for Banned by staff. until 4/21/2020 7:26:21 PM.]
[	15-04-2020 19:47:33	] [BAN ACTION] The following ban record has been removed (player unbanned). The player has been unbanned because their ban duration expired. [Player: RAMSAY was banned by [LSPD] AB!D for Banned by staff. until 4/12/2020 9:28:15 PM.]
[	15-04-2020 19:47:47	] [BAN ACTION] The following ban record has been removed (player unbanned). The player has been unbanned because their ban duration expired. [Player: MO was banned by [LSPD] AB!D for Banned by staff. until 4/12/2020 9:27:46 PM.]
[	15-04-2020 20:04:10	] [KICK ACTION] Player: [LSPD] AB!D has kicked: Silly for: You have been kicked. Reason: Kick by staff.
[	15-04-2020 20:24:41	] [KICK ACTION] Player: [LSPD] AB!D has kicked: Shahzaib_Labeeb for: You have been kicked. Reason: DONT steal EMS CAR.
[	15-04-2020 20:35:08	] [BAN ACTION] A new ban record has been added. Player: 'Aliloshyper' was banned by 'DAWOOD MALIK' for 'BAN BY DAWOOD MALIK REASON KILLING  PLAYER WITH NO REASON HAVE  PROVE IF YOU HAVE ANY PROBLEM CONTACT WITH STAFF ON DISCORD ' until '4/16/2020 8:35:08 PM'.
[	15-04-2020 20:37:51	] [BAN ACTION] The following ban record has been removed (player unbanned). [Player: Aliloshyper was banned by DAWOOD MALIK for BAN BY DAWOOD MALIK REASON KILLING  PLAYER WITH NO REASON HAVE  PROVE IF YOU HAVE ANY PROBLEM CONTACT WITH STAFF ON DISCORD  until 4/16/2020 8:35:08 PM.]
[	15-04-2020 22:50:28	] [BAN ACTION] A new ban record has been added. Player: 'Areeb63' was banned by '[LSPD] AB!D' for 'Banned by staff.' until '4/16/2020 10:50:28 PM'.
[	15-04-2020 22:50:38	] [BAN ACTION] A new ban record has been added. Player: 'RANA' was banned by '[LSPD] AB!D' for 'Banned by staff.' until '4/16/2020 10:50:38 PM'.
[	15-04-2020 22:56:57	] [BAN ACTION] The following ban record has been removed (player unbanned). [Player: Areeb63 was banned by [LSPD] AB!D for Banned by staff. until 4/16/2020 10:50:28 PM.]
[	15-04-2020 22:57:00	] [BAN ACTION] The following ban record has been removed (player unbanned). [Player: RANA was banned by [LSPD] AB!D for Banned by staff. until 4/16/2020 10:50:38 PM.]
[	16-04-2020 00:04:43	] [BAN ACTION] A new ban record has been added. Player: 'RANA' was banned by 'Hassan Rashid' for 'Banned by staff.' until '4/16/2020 5:04:43 AM'.
[	16-04-2020 11:16:38	] [KICK ACTION] Player: Medal has kicked: AbdulRahman07 for: You have been kicked. Reason: Shooting Ems for no reason dont do another time otherwise we have to take serious action against u.
[	16-04-2020 13:00:42	] [BAN ACTION] The following ban record has been removed (player unbanned). The player has been unbanned because their ban duration expired. [Player: RANA was banned by Hassan Rashid for Banned by staff. until 4/16/2020 5:04:43 AM.]
[	16-04-2020 14:57:29	] [KICK ACTION] Player: Medal has kicked: 🎩[MAFIA] Farhan for: You have been kicked. Reason: Kicked By Ahsan Qureshi.
[	16-04-2020 18:34:57	] [KICK ACTION] Player: [LSPD] AB!D has kicked: $Sheru$ for: You have been kicked. Reason: BUG ABUSE.
[	16-04-2020 18:39:54	] [KICK ACTION] Player: [LSPD] AB!D has kicked: THANOS KHAN for: You have been kicked. Reason: PD IS SAFE ZONE\].
[	16-04-2020 18:48:51	] [KICK ACTION] Player: Medal has kicked: 👨‍⚕️[ EMS ] Ayan 👨 for: You have been kicked. Reason: Please Change Your name .
[	16-04-2020 18:52:25	] [BAN ACTION] A new ban record has been added. Player: 'PERO MAN' was banned by 'OKAY' for 'Banned by staff. come to vc for your apeal' until '1/1/3000 12:00:00 AM'.
[	16-04-2020 18:57:59	] [BAN ACTION] The following ban record has been removed (player unbanned). [Player: PERO MAN was banned by OKAY for Banned by staff. come to vc for your apeal until 1/1/3000 12:00:00 AM.]
[	16-04-2020 18:59:20	] [KICK ACTION] Player: OKAY has kicked: 👨‍⚕️[ EMS ] Ayan 👨 for: You have been kicked. Reason: change your name please remove your ems tag.
[	16-04-2020 19:10:23	] [BAN ACTION] A new ban record has been added. Player: 'minion' was banned by 'OKAY' for 'Banned by staff. why your still rdm or vdm come to vc n apeal for unban' until '1/1/3000 12:00:00 AM'.
[	16-04-2020 19:19:33	] [BAN ACTION] A new ban record has been added. Player: 'Areeb63' was banned by 'Medal' for 'Banned by staff Using Glitch and cheating' until '1/1/3000 12:00:00 AM'.
[	16-04-2020 19:19:41	] [BAN ACTION] A new ban record has been added. Player: 'InvalidPlayerName' was banned by '[LSPD] AB!D' for 'Using glith and cheat' until '1/1/3000 12:00:00 AM'.
[	16-04-2020 19:19:46	] [BAN ACTION] A new ban record has been added. Player: 'PERO MAN' was banned by 'OKAY' for 'Banned by staff. use bugs or cheating' until '1/1/3000 12:00:00 AM'.
[	16-04-2020 19:20:13	] [BAN ACTION] A new ban record has been added. Player: 'THANOS KHAN' was banned by '[LSPD] AB!D' for 'Using glitch and cheating' until '1/1/3000 12:00:00 AM'.
[	17-04-2020 07:39:25	] [BAN ACTION] The following ban record has been removed (player unbanned). [Player: minion was banned by OKAY for Banned by staff. why your still rdm or vdm come to vc n apeal for unban until 1/1/3000 12:00:00 AM.]
[	17-04-2020 10:42:57	] [KICK ACTION] Player: Ali X Gaming has kicked: [CAR DEALER] IJMAL KHAN for: You have been kicked. Reason: Too many fail rp reports.
[	17-04-2020 14:28:34	] [BAN ACTION] The following ban record has been removed (player unbanned). [Player: KHAN BABA was banned by DADDY for Banned by staff. until 1/1/3000 12:00:00 AM.]
[	17-04-2020 14:33:19	] [BAN ACTION] A new ban record has been added. Player: 'InvalidPlayerName' was banned by 'Ali X Gaming' for 'Banned by Ahsan Qureshi. Due to RDM.....' until '4/19/2020 2:33:19 PM'.
[	22-04-2020 02:30:06	] [BAN ACTION] The following ban record has been removed (player unbanned). [Player: Trox Gaming was banned by DADDY for Banned by staff. until 01/01/3000 00:00:00.]
[	22-04-2020 02:33:12	] [BAN ACTION] The following ban record has been removed (player unbanned). [Player: JUDI was banned by [LSPD] AB!D for Banned by staff. until 04/17/2020 16:19:05.]
[	22-04-2020 02:33:21	] [BAN ACTION] The following ban record has been removed (player unbanned). [Player: JOKER was banned by [LSPD] AB!D for Banned by staff. until 01/01/3000 00:00:00.]
[	22-04-2020 02:35:12	] [BAN ACTION] The following ban record has been removed (player unbanned). [Player: InvalidPlayerName was banned by Ali X Gaming for Banned by Ahsan Qureshi. Due to RDM..... until 04/19/2020 13:33:19.]
[	22-04-2020 02:35:28	] [BAN ACTION] The following ban record has been removed (player unbanned). [Player: HeroxGamingYT was banned by Ali X Gaming for Banned by  AhsanQureshi due to attacking at Police officer in Police Department. Banned for 24 Hours Contact on Discord for help and un-ban request. until 01/01/3000 00:00:00.]
[	22-04-2020 02:36:10	] [BAN ACTION] The following ban record has been removed (player unbanned). [Player: [GL] MASK was banned by DADDY for Banned by staff. until 01/01/3000 00:00:00.]
[	22-04-2020 02:36:20	] [BAN ACTION] The following ban record has been removed (player unbanned). [Player: Areeb63 was banned by Medal for Banned by staff Using Glitch and cheating until 01/01/3000 00:00:00.]
[	22-04-2020 18:19:02	] [BAN ACTION] A new ban record has been added. Player: '{NINJA} RED GOKU' was banned by 'Hassan Rashid' for 'Banned by staff.' until '01/01/3000 00:00:00'.
[	22-04-2020 23:42:41	] [BAN ACTION] A new ban record has been added. Player: 'Fresh Ozie' was banned by 'Hassan Rashid' for 'Banned by staff.' until '04/23/2020 23:42:41'.
[	23-04-2020 23:12:32	] [BAN ACTION] A new ban record has been added. Player: 'Shiekh' was banned by 'Beast Murtaza' for 'Banned by staff.' until '01/01/3000 00:00:00'.
[	25-04-2020 11:06:45	] [KICK ACTION] Player: Ninja prime has kicked: ^^AK 47 ^^ for: You have been kicked. Reason: invisible.
[	25-04-2020 22:00:23	] [BAN ACTION] The following ban record has been removed (player unbanned). The player has been unbanned because their ban duration expired. [Player: DIESL was banned by [LSPD] AB!D for Banned by staff until 04/09/2020 09:26:09.]
[	26-04-2020 15:00:53	] [BAN ACTION] A new ban record has been added. Player: '[BULLET] Ender' was banned by 'Hassan Rashid' for 'dont do vdm and rdm ' until '04/26/2020 20:00:53'.
[	26-04-2020 15:23:34	] [BAN ACTION] A new ban record has been added. Player: 'AK 47' was banned by 'Hassan Rashid' for 'dont abuse and specially rdm and vdm' until '04/26/2020 23:23:34'.
[	26-04-2020 18:43:36	] [BAN ACTION] A new ban record has been added. Player: '[Professors] Lost Soul' was banned by 'Ninja prime' for 'Banned by staff.' until '04/28/2020 18:43:36'.
[	26-04-2020 18:43:58	] [BAN ACTION] A new ban record has been added. Player: '[Professors] Raftaar' was banned by 'Ninja prime' for 'Banned by staff.' until '04/28/2020 18:43:58'.
[	27-04-2020 00:03:12	] [BAN ACTION] The following ban record has been removed (player unbanned). The player has been unbanned because their ban duration expired. [Player: [BULLET] Ender was banned by Hassan Rashid for dont do vdm and rdm  until 04/26/2020 20:00:53.]
[	27-04-2020 00:15:24	] [BAN ACTION] The following ban record has been removed (player unbanned). [Player: [Professors] Raftaar was banned by Ninja prime for Banned by staff. until 04/28/2020 18:43:58.]
[	27-04-2020 00:15:26	] [BAN ACTION] The following ban record has been removed (player unbanned). [Player: [Professors] Lost Soul was banned by Ninja prime for Banned by staff. until 04/28/2020 18:43:36.]
[	27-04-2020 10:13:45	] [BAN ACTION] The following ban record has been removed (player unbanned). The player has been unbanned because their ban duration expired. [Player: AK 47 was banned by Hassan Rashid for dont abuse and specially rdm and vdm until 04/26/2020 23:23:34.]
[	27-04-2020 17:25:58	] [BAN ACTION] A new ban record has been added. Player: '[Black Bird] ChUlBuL' was banned by 'Hassan Rashid' for 'Banned by staff.' until '04/27/2020 18:55:58'.
[	27-04-2020 17:38:18	] [BAN ACTION] The following ban record has been removed (player unbanned). [Player: [Black Bird] ChUlBuL was banned by Hassan Rashid for Banned by staff. until 04/27/2020 18:55:58.]
[	27-04-2020 17:40:26	] [BAN ACTION] The following ban record has been removed (player unbanned). [Player: #1Robin7_0Hood was banned by DADDY for Banned by staff. until 01/01/3000 00:00:00.]
[	27-04-2020 20:43:26	] [BAN ACTION] A new ban record has been added. Player: '[BlackBird]HAMMAD' was banned by 'Hassan Rashid' for 'Banned by staff.' until '04/27/2020 22:43:26'.
[	27-04-2020 20:59:16	] [BAN ACTION] A new ban record has been added. Player: '[BLACK BIRD ] ULFAT Chacha' was banned by 'Hassan Rashid' for 'Banned by staff.' until '04/27/2020 23:59:16'.
[	27-04-2020 21:18:51	] [BAN ACTION] A new ban record has been added. Player: 'Mr.Sainta' was banned by 'Hassan Rashid' for 'Banned by staff.' until '04/27/2020 23:18:51'.
[	27-04-2020 21:23:16	] [BAN ACTION] A new ban record has been added. Player: '[MAFIA] 3' was banned by 'Hassan Rashid' for 'Banned by staff.' until '04/28/2020 00:23:16'.
[	27-04-2020 21:38:41	] [BAN ACTION] A new ban record has been added. Player: 'POISON' was banned by 'Hassan Rashid' for 'abusing' until '04/27/2020 23:38:41'.
[	27-04-2020 21:41:46	] [BAN ACTION] The following ban record has been removed (player unbanned). [Player: POISON was banned by Hassan Rashid for abusing until 04/27/2020 23:38:41.]
[	27-04-2020 23:35:04	] [BAN ACTION] The following ban record has been removed (player unbanned). The player has been unbanned because their ban duration expired. [Player: Mr.Sainta was banned by Hassan Rashid for Banned by staff. until 04/27/2020 23:18:51.]
[	28-04-2020 00:03:53	] [BAN ACTION] The following ban record has been removed (player unbanned). The player has been unbanned because their ban duration expired. [Player: [BLACK BIRD ] ULFAT Chacha was banned by Hassan Rashid for Banned by staff. until 04/27/2020 23:59:16.]
[	28-04-2020 00:24:05	] [BAN ACTION] The following ban record has been removed (player unbanned). The player has been unbanned because their ban duration expired. [Player: [MAFIA] 3 was banned by Hassan Rashid for Banned by staff. until 04/28/2020 00:23:16.]
[	28-04-2020 15:41:20	] [BAN ACTION] A new ban record has been added. Player: 'rezz' was banned by 'Hassan Rashid' for 'donot rdm and vdm' until '04/28/2020 16:41:20'.
[	28-04-2020 15:46:33	] [BAN ACTION] The following ban record has been removed (player unbanned). [Player: rezz was banned by Hassan Rashid for donot rdm and vdm until 04/28/2020 16:41:20.]
[	28-04-2020 16:56:52	] [BAN ACTION] A new ban record has been added. Player: 'HimuGo' was banned by 'Beast Murtaza' for 'VDM or RDM' until '04/28/2020 18:26:52'.
[	28-04-2020 20:20:26	] [BAN ACTION] A new ban record has been added. Player: 'POISON' was banned by 'Ninja prime' for 'Banned by staff.not follow the roles ' until '04/29/2020 01:20:26'.
[	28-04-2020 20:30:00	] [BAN ACTION] A new ban record has been added. Player: 'Dev_Talha' was banned by 'Hassan Rashid' for 'fail rp' until '04/29/2020 06:30:00'.
[	28-04-2020 20:49:46	] [BAN ACTION] The following ban record has been removed (player unbanned). [Player: Dev_Talha was banned by Hassan Rashid for fail rp until 04/29/2020 06:30:00.]
[	28-04-2020 21:02:42	] [BAN ACTION] A new ban record has been added. Player: 'Mr.Sainta' was banned by 'Hassan Rashid' for 'fail rp' until '04/29/2020 07:02:42'.
[	28-04-2020 22:33:02	] [BAN ACTION] A new ban record has been added. Player: 'AK 47' was banned by 'Hassan Rashid' for 'donot rdm bro ' until '04/29/2020 03:33:02'.
[	29-04-2020 06:26:14	] [BAN ACTION] The following ban record has been removed (player unbanned). The player has been unbanned because their ban duration expired. [Player: AK 47 was banned by Hassan Rashid for donot rdm bro  until 04/29/2020 03:33:02.]
[	29-04-2020 14:56:12	] [BAN ACTION] The following ban record has been removed (player unbanned). The player has been unbanned because their ban duration expired. [Player: POISON was banned by Ninja prime for Banned by staff.not follow the roles  until 04/29/2020 01:20:26.]
[	29-04-2020 15:58:15	] [BAN ACTION] The following ban record has been removed (player unbanned). The player has been unbanned because their ban duration expired. [Player: HimuGo was banned by Beast Murtaza for VDM or RDM until 04/28/2020 18:26:52.]
[	29-04-2020 16:01:47	] [BAN ACTION] A new ban record has been added. Player: '[Professors] Raftaar' was banned by 'Hassan Rashid' for 'using glitch of ambulancejobn wartned before' until '04/30/2020 16:01:47'.
[	29-04-2020 16:32:44	] [BAN ACTION] The following ban record has been removed (player unbanned). The player has been unbanned because their ban duration expired. [Player: Mr.Sainta was banned by Hassan Rashid for fail rp until 04/29/2020 07:02:42.]
[	29-04-2020 17:47:31	] [BAN ACTION] A new ban record has been added. Player: 'HimuGo' was banned by 'Beast Murtaza' for 'Fail rp' until '04/29/2020 20:47:31'.
[	30-04-2020 01:13:10	] [BAN ACTION] The following ban record has been removed (player unbanned). [Player: THANOS KHAN was banned by [LSPD] AB!D for Using glitch and cheating until 01/01/3000 00:00:00.]
[	30-04-2020 02:13:51	] [BAN ACTION] A new ban record has been added. Player: '[Black BIrd ] ULFAT CHACHA' was banned by 'Hassan Rashid' for 'read rules first' until '04/30/2020 06:13:51'.
[	30-04-2020 02:14:07	] [BAN ACTION] A new ban record has been added. Player: '[BLACK BIRD]Heisenburger' was banned by 'Hassan Rashid' for 'read rules first' until '04/30/2020 06:14:07'.
[	30-04-2020 16:13:21	] [BAN ACTION] A new ban record has been added. Player: 'lucifer6571' was banned by '[IG] Murtaza' for 'Respawn During situation and spam' until '05/01/2020 02:13:21'.
[	30-04-2020 16:13:45	] [BAN ACTION] A new ban record has been added. Player: 'AK 47' was banned by '[IG] Murtaza' for 'Spam during sitiuation and spam' until '05/01/2020 02:13:45'.
[	30-04-2020 16:24:05	] [BAN ACTION] The following ban record has been removed (player unbanned). [Player: lucifer6571 was banned by [IG] Murtaza for Respawn During situation and spam until 05/01/2020 02:13:21.]
[	30-04-2020 16:24:51	] [BAN ACTION] The following ban record has been removed (player unbanned). [Player: [Black BIrd ] ULFAT CHACHA was banned by Hassan Rashid for read rules first until 04/30/2020 06:13:51.]
[	30-04-2020 17:17:48	] [BAN ACTION] The following ban record has been removed (player unbanned). The player has been unbanned because their ban duration expired. [Player: [BLACK BIRD]Heisenburger was banned by Hassan Rashid for read rules first until 04/30/2020 06:14:07.]
[	30-04-2020 17:43:58	] [BAN ACTION] A new ban record has been added. Player: 'Alisher' was banned by '[IG] Murtaza' for 'Fail RP' until '04/30/2020 19:43:58'.
[	30-04-2020 18:16:58	] [BAN ACTION] A new ban record has been added. Player: 'K' was banned by '[IG] Murtaza' for 'VDM' until '04/30/2020 20:16:58'.
[	30-04-2020 18:18:21	] [BAN ACTION] A new ban record has been added. Player: 'KachorijI' was banned by '[IG] Murtaza' for 'VDM' until '04/30/2020 21:18:21'.
[	30-04-2020 19:58:58	] [BAN ACTION] The following ban record has been removed (player unbanned). The player has been unbanned because their ban duration expired. [Player: Alisher was banned by [IG] Murtaza for Fail RP until 04/30/2020 19:43:58.]
[	01-05-2020 06:17:58	] [BAN ACTION] The following ban record has been removed (player unbanned). The player has been unbanned because their ban duration expired. [Player: AK 47 was banned by [IG] Murtaza for Spam during sitiuation and spam until 05/01/2020 02:13:45.]
[	01-05-2020 15:31:31	] [BAN ACTION] A new ban record has been added. Player: 'AK 47' was banned by 'Hassan Rashid' for 'Banned by staff.' until '01/01/3000 00:00:00'.
[	01-05-2020 16:01:38	] [BAN ACTION] The following ban record has been removed (player unbanned). [Player: AK 47 was banned by Hassan Rashid for Banned by staff. until 01/01/3000 00:00:00.]
[	01-05-2020 18:19:52	] [BAN ACTION] A new ban record has been added. Player: 'meekailshaikh2020' was banned by '[IG] Murtaza' for 'hacking' until '01/01/3000 00:00:00'.
[	03-05-2020 17:19:11	] [BAN ACTION] A new ban record has been added. Player: 'Noob' was banned by 'Hassan Rashid' for 'read rules phle phr ana' until '05/06/2020 05:19:11'.
[	03-05-2020 18:38:30	] [BAN ACTION] A new ban record has been added. Player: 'AK 47' was banned by 'Hassan Rashid' for 'read rules kya kar rhe ho bro ap yeh mazak ha kya ab kroge aise ap to mjhe permanent ban krna prega' until '05/03/2020 23:38:30'.
[	04-05-2020 09:53:35	] [BAN ACTION] The following ban record has been removed (player unbanned). The player has been unbanned because their ban duration expired. [Player: AK 47 was banned by Hassan Rashid for read rules kya kar rhe ho bro ap yeh mazak ha kya ab kroge aise ap to mjhe permanent ban krna prega until 05/03/2020 23:38:30.]
[	04-05-2020 15:36:32	] [BAN ACTION] The following ban record has been removed (player unbanned). [Player: Noob was banned by Hassan Rashid for read rules phle phr ana until 05/06/2020 05:19:11.]
[	06-05-2020 00:03:11	] [BAN ACTION] A new ban record has been added. Player: 'Pro-Explosive' was banned by 'Hassan Rashid' for 'read rules first phr ana gamne ma\' until '05/06/2020 05:03:11'.
[	06-05-2020 12:03:48	] [BAN ACTION] A new ban record has been added. Player: 'Mato' was banned by '[IG] Murtaza' for 'Banned by staff.' until '01/01/3000 00:00:00'.
[	06-05-2020 12:03:57	] [BAN ACTION] A new ban record has been added. Player: 'InvalidPlayerName' was banned by '[IG] Murtaza' for 'Banned by staff.' until '01/01/3000 00:00:00'.
[	06-05-2020 12:27:52	] [BAN ACTION] The following ban record has been removed (player unbanned). The player has been unbanned because their ban duration expired. [Player: Pro-Explosive was banned by Hassan Rashid for read rules first phr ana gamne ma\ until 05/06/2020 05:03:11.]
[	07-05-2020 21:58:23	] [BAN ACTION] A new ban record has been added. Player: 'Bullet' was banned by '[IG] Murtaza' for 'Abusing' until '05/07/2020 23:28:23'.
[	07-05-2020 22:02:00	] [BAN ACTION] The following ban record has been removed (player unbanned). [Player: Bullet was banned by [IG] Murtaza for Abusing until 05/07/2020 23:28:23.]
[	08-05-2020 00:19:13	] [BAN ACTION] A new ban record has been added. Player: 'Swaami [Pandey]' was banned by 'Hassan Rashid' for 'Banned by staff.' until '01/01/3000 00:00:00'.
[	08-05-2020 20:27:19	] [BAN ACTION] The following ban record has been removed (player unbanned). The player has been unbanned because their ban duration expired. [Player: [Professors] Raftaar was banned by Hassan Rashid for using glitch of ambulancejobn wartned before until 04/30/2020 16:01:47.]
[	09-05-2020 18:57:17	] [BAN ACTION] A new ban record has been added. Player: 'AMINA' was banned by 'Hassan Rashid' for 'do not fail rp and follow the rules otherwise you will get a perma ban' until '05/09/2020 21:57:17'.
[	10-05-2020 11:19:33	] [KICK ACTION] Player: [Creator] has kicked: [Black BIrd ] ULFAT CHACHA for: You have been kicked. Reason: fail rp.
[	10-05-2020 19:20:37	] [BAN ACTION] A new ban record has been added. Player: 'Mini' was banned by 'Hassan Rashid' for 'lpc' until '01/01/3000 00:00:00'.
[	10-05-2020 20:51:22	] [BAN ACTION] A new ban record has been added. Player: 'Aly Minati YT 69' was banned by '[IG] Murtaza' for 'Constant RPM AND VDM.READ RULES' until '05/11/2020 20:51:22'.
[	11-05-2020 04:07:31	] [BAN ACTION] A new ban record has been added. Player: 'SHEIKH' was banned by 'Hassan Rashid' for 'xxx' until '01/01/3000 00:00:00'.
[	11-05-2020 10:27:20	] [BAN ACTION] The following ban record has been removed (player unbanned). The player has been unbanned because their ban duration expired. [Player: AMINA was banned by Hassan Rashid for do not fail rp and follow the rules otherwise you will get a perma ban until 05/09/2020 21:57:17.]
[	11-05-2020 15:12:23	] [BAN ACTION] A new ban record has been added. Player: 'hussainrauf37' was banned by 'Hassan Rashid' for 'readd rules' until '05/11/2020 16:12:23'.
[	12-05-2020 09:51:43	] [BAN ACTION] A new ban record has been added. Player: 'xXmLoneWolfXx' was banned by '[IG] Murtaza' for 'prmotion' until '01/01/3000 00:00:00'.
[	12-05-2020 12:52:08	] [BAN ACTION] The following ban record has been removed (player unbanned). The player has been unbanned because their ban duration expired. [Player: hussainrauf37 was banned by Hassan Rashid for readd rules until 05/11/2020 16:12:23.]
[	12-05-2020 13:09:48	] [BAN ACTION] A new ban record has been added. Player: 'hussainrauf37' was banned by '[IG] Murtaza' for 'Read Rules' until '05/12/2020 16:09:48'.
[	12-05-2020 13:39:19	] [BAN ACTION] A new ban record has been added. Player: 'hamidsupperiorvlogs' was banned by '[IG] Murtaza' for 'Read Rules' until '05/12/2020 16:39:19'.
[	12-05-2020 16:03:44	] [BAN ACTION] The following ban record has been removed (player unbanned). The player has been unbanned because their ban duration expired. [Player: Aly Minati YT 69 was banned by [IG] Murtaza for Constant RPM AND VDM.READ RULES until 05/11/2020 20:51:22.]
[	12-05-2020 18:22:19	] [BAN ACTION] The following ban record has been removed (player unbanned). The player has been unbanned because their ban duration expired. [Player: hussainrauf37 was banned by [IG] Murtaza for Read Rules until 05/12/2020 16:09:48.]
[	13-05-2020 01:01:49	] [BAN ACTION] The following ban record has been removed (player unbanned). The player has been unbanned because their ban duration expired. [Player: hamidsupperiorvlogs was banned by [IG] Murtaza for Read Rules until 05/12/2020 16:39:19.]
[	13-05-2020 22:50:07	] [KICK ACTION] Player: Hassan Rashid. has kicked: qiboojky for: You have been kicked. Reason: glitch.
[	14-05-2020 00:09:46	] [KICK ACTION] Player: RApToR has kicked: <<MR>> Mudasir for: You have been kicked. Reason: Kicked By RApToR REASON:BUGGED.
[	14-05-2020 03:17:47	] [KICK ACTION] Player: RApToR has kicked: Remington for: You have been kicked. Reason: Dont Spam.
[	14-05-2020 22:40:16	] [BAN ACTION] A new ban record has been added. Player: 'hamidsupperiorvlogs' was banned by 'RApToR' for 'Banned by staff.RAPTOR REASON: YOU WERE DOING FAIL-RP VERY LONG TIME DIDNT EVEN CAME TO DISCORD TO READ RULES COME TO DISCORD AND READ RULES AND COME IN SUPPORT WAITING FOR UNABN' until '05/15/2020 22:40:16'.
[	14-05-2020 22:40:51	] [BAN ACTION] A new ban record has been added. Player: 'RApToR' was banned by 'RApToR' for 'Banned by staff.BLAH BLAH' until '05/14/2020 22:46:51'.
[	14-05-2020 22:47:02	] [BAN ACTION] The following ban record has been removed (player unbanned). The player has been unbanned because their ban duration expired. [Player: RApToR was banned by RApToR for Banned by staff.BLAH BLAH until 5/14/2020 10:46:51 PM.]
[	15-05-2020 00:01:05	] [BAN ACTION] The following ban record has been removed (player unbanned). [Player: hamidsupperiorvlogs was banned by RApToR for Banned by staff.RAPTOR REASON: YOU WERE DOING FAIL-RP VERY LONG TIME DIDNT EVEN CAME TO DISCORD TO READ RULES COME TO DISCORD AND READ RULES AND COME IN SUPPORT WAITING FOR UNABN until 05/15/2020 22:40:16.]
[	15-05-2020 10:28:39	] [BAN ACTION] The following ban record has been removed (player unbanned). The player has been unbanned because their ban duration expired. [Player: [BlackBird]HAMMAD was banned by Hassan Rashid for Banned by staff. until 04/27/2020 22:43:26.]
[	15-05-2020 10:53:49	] [BAN ACTION] A new ban record has been added. Player: 'HAMMAD PASHA' was banned by '[IG] Murtaza' for 'Fail rp' until '01/01/3000 00:00:00'.
[	15-05-2020 11:30:28	] [BAN ACTION] A new ban record has been added. Player: 'Sami' was banned by '[IG] Murtaza' for 'FAIL RP (read rules)' until '05/16/2020 11:30:28'.
[	15-05-2020 16:06:52	] [KICK ACTION] Player: 🚑[EMS HEAD] RAPTOR has kicked: ADAMKHOR YT for: You have been kicked. Reason: KICKED BY:RAPTOR REASON:PLEASE CHANGE YOUR CLOTHES YOU ARE NOT PART OF EMS WHITELISTED JOB RIGHT NOW.
[	15-05-2020 16:24:34	] [KICK ACTION] Player: 🚑[EMS HEAD] RAPTOR has kicked: Aly Minati YT for: You have been kicked. Reason: KICKED BY RAPTOR REASON YOU CANNOT TALK WHILE DEAD.
[	15-05-2020 22:37:49	] [BAN ACTION] A new ban record has been added. Player: '[Ballas] Nomi' was banned by 'Hassan Rashid' for 'read rules' until '05/16/2020 03:37:49'.
[	16-05-2020 08:34:19	] [KICK ACTION] Player: 🚑[EMS HEAD] RAPTOR has kicked: ^^AK 47 ^^ for: You have been kicked. Reason: kicked by RAPTOR REASON:NO SPAM ALLOWDED IN OOC CHAT.
[	16-05-2020 16:23:39	] [BAN ACTION] A new ban record has been added. Player: 'aligamer2214' was banned by '[IG] Murtaza' for 'vdm' until '05/17/2020 16:23:38'.
[	16-05-2020 16:42:13	] [BAN ACTION] The following ban record has been removed (player unbanned). The player has been unbanned because their ban duration expired. [Player: [Ballas] Nomi was banned by Hassan Rashid for read rules until 05/16/2020 03:37:49.]
[	16-05-2020 23:36:52	] [KICK ACTION] Player: 🚑[EMS HEAD] RAPTOR has kicked: Mahesh Wasvani for: You have been kicked. Reason: KICKED BY RAPTOR:REASON SPAM IN CHAT OF DIFFERENT LANGUAGE WHICH I DOESNT EVEN UNDERSTAND.
[	17-05-2020 09:26:40	] [KICK ACTION] Player: 🚑[EMS HEAD] RAPTOR has kicked: selva30041996 for: You have been kicked. Reason: KICKED BY:RAPTOR REASON: READ RULES THIS IS RP SERVER.
[	17-05-2020 09:37:08	] [BAN ACTION] A new ban record has been added. Player: 'mrhassan090' was banned by '[EMS HEAD] RAPTOR' for 'Banned by staff.RAPTOR REASON:VDM ' until '05/17/2020 12:37:08'.
[	17-05-2020 11:03:28	] [BAN ACTION] The following ban record has been removed (player unbanned). The player has been unbanned because their ban duration expired. [Player: Sami was banned by [IG] Murtaza for FAIL RP (read rules) until 5/16/2020 11:30:28 AM.]
[	17-05-2020 11:28:12	] [KICK ACTION] Player: 👮[IG] Murtaza has kicked: Lucifer*Bunny for: You have been kicked. Reason: READ RULES LAST WARNING.
[	17-05-2020 11:28:55	] [KICK ACTION] Player: 👮[IG] Murtaza has kicked: Pablo Emilio Escobar Gaviria for: You have been kicked. Reason: Read Rules Last Warning.
[	17-05-2020 15:47:18	] [BAN ACTION] A new ban record has been added. Player: 'r3ckibrahim' was banned by 'Hassan Rashid' for 'read rules no rdm vdm allowed' until '05/17/2020 17:47:18'.
[	17-05-2020 22:40:23	] [KICK ACTION] Player: 🚑[EMS HEAD] RAPTOR has kicked: jany90714 for: You have been kicked. Reason: KICKED BY:RAPTOR REASON:YOU ARE INVISIBLE AKA BUGGED!!.
[	18-05-2020 08:34:53	] [BAN ACTION] A new ban record has been added. Player: 'hamidsupperiorvlogs' was banned by '[LSPD] RAPTOR' for 'Banned by staff.RAPTOR REASON:FUCK OFF' until '05/19/2020 08:34:53'.
[	18-05-2020 08:37:00	] [KICK ACTION] Player: 👮[LSPD] RAPTOR has kicked: Mobeen for: You have been kicked. Reason: kicked by:RAPTOR REASON:PLEASE READ RULES.
[	18-05-2020 08:56:05	] [KICK ACTION] Player: 👮[LSPD] RAPTOR has kicked: 𝐸𝓍𝒪𝓃𝐵𝑜𝑜𝓂 for: You have been kicked. Reason: KICKED BY STAFF:RAPTOR REASON:READ RULES PLEASE.
[	18-05-2020 13:24:12	] [BAN ACTION] The following ban record has been removed (player unbanned). The player has been unbanned because their ban duration expired. [Player: r3ckibrahim was banned by Hassan Rashid for read rules no rdm vdm allowed until 5/17/2020 5:47:18 PM.]
[	18-05-2020 16:00:33	] [BAN ACTION] The following ban record has been removed (player unbanned). The player has been unbanned because their ban duration expired. [Player: mrhassan090 was banned by [EMS HEAD] RAPTOR for Banned by staff.RAPTOR REASON:VDM  until 5/17/2020 12:37:08 PM.]
[	19-05-2020 03:02:38	] [BAN ACTION] A new ban record has been added. Player: 'TrU3 loV3R.'+' was banned by '[SSG]  KHAN' for 'Banned ' until '01/01/3000 00:00:00'.
[	19-05-2020 03:07:32	] [BAN ACTION] A new ban record has been added. Player: 'wy.'+' was banned by '[SSG]  KHAN' for 'aab tum bhi apni marwao uss gandu ke sath mardarchod ke bachay apni maa ki kuss sambal chaklay pe beth thi hai ' until '01/01/3000 00:00:00'.
[	19-05-2020 04:13:06	] [BAN ACTION] A new ban record has been added. Player: 'ghanipg1' was banned by 'Hassan Rashid' for 'no rdm allowed read rules first' until '05/19/2020 07:13:06'.
[	19-05-2020 04:59:01	] [BAN ACTION] The following ban record has been removed (player unbanned). [Player: ghanipg1 was banned by Hassan Rashid for no rdm allowed read rules first until 05/19/2020 07:13:06.]
[	19-05-2020 07:06:57	] [BAN ACTION] A new ban record has been added. Player: 'InvalidPlayerName' was banned by '[LSPD] RAPTOR' for 'Banned by staff.RAPTOR REASON:RDM AND READ RULES FOR GOD SAKE ' until '05/19/2020 10:06:57'.
[	19-05-2020 08:15:32	] [BAN ACTION] A new ban record has been added. Player: '[Mafia]Joker' was banned by '[LSPD] RAPTOR' for 'Banned by staff.RAPTOR REASON:HACKING COME ON DISCORD TO TALK' until '06/18/2020 08:15:32'.
[	19-05-2020 08:16:53	] [KICK ACTION] Player: 👮[LSPD] RAPTOR has kicked: dawarazizgaming for: You have been kicked. Reason: REASON BUGGED.
[	19-05-2020 09:58:08	] [BAN ACTION] A new ban record has been added. Player: 'Yousha' was banned by '[IG] Murtaza' for 'Fail rp' until '01/01/3000 00:00:00'.
[	19-05-2020 09:58:22	] [BAN ACTION] A new ban record has been added. Player: 'InvalidPlayerName' was banned by '[IG] Murtaza' for 'FAIL RP' until '05/23/2020 13:58:22'.
[	19-05-2020 10:31:48	] [BAN ACTION] The following ban record has been removed (player unbanned). [Player: Yousha was banned by [IG] Murtaza for Fail rp until 01/01/3000 00:00:00.]
[	19-05-2020 12:21:24	] [BAN ACTION] The following ban record has been removed (player unbanned). The player has been unbanned because their ban duration expired. [Player: InvalidPlayerName was banned by [LSPD] RAPTOR for Banned by staff.RAPTOR REASON:RDM AND READ RULES FOR GOD SAKE  until 5/19/2020 10:06:57 AM.]
[	19-05-2020 13:34:17	] [BAN ACTION] A new ban record has been added. Player: 'asadsamore44' was banned by '[IG] Murtaza' for 'dv during situation' until '05/20/2020 13:34:17'.
[	19-05-2020 13:35:06	] [BAN ACTION] A new ban record has been added. Player: 'anassamore2' was banned by '[IG] Murtaza' for 'dv during situation' until '05/20/2020 13:35:06'.
[	19-05-2020 16:48:20	] [BAN ACTION] The following ban record has been removed (player unbanned). The player has been unbanned because their ban duration expired. [Player: aligamer2214 was banned by [IG] Murtaza for vdm until 5/17/2020 4:23:38 PM.]
[	19-05-2020 17:18:49	] [BAN ACTION] The following ban record has been removed (player unbanned). The player has been unbanned because their ban duration expired. [Player: hamidsupperiorvlogs was banned by [LSPD] RAPTOR for Banned by staff.RAPTOR REASON:FUCK OFF until 5/19/2020 8:34:53 AM.]
[	21-05-2020 06:13:02	] [KICK ACTION] Player: 👮[LSPD] RAPTOR has kicked: Admin | Mr.Choudhury for: You have been kicked. Reason: Kicked By RAPTOR REASON:PLEASE CHANGE YOUR NAMETAG YOU ARE NOT AN ADMIN.
[	21-05-2020 06:29:07	] [BAN ACTION] A new ban record has been added. Player: 'InFY' was banned by '[LSPD] RAPTOR' for 'Banned by staff.RAPTOR REASON:FUCK OFF HACKER' until '06/20/2020 06:29:07'.
[	21-05-2020 08:23:24	] [BAN ACTION] The following ban record has been removed (player unbanned). The player has been unbanned because their ban duration expired. [Player: anassamore2 was banned by [IG] Murtaza for dv during situation until 5/20/2020 1:35:06 PM.]
[	21-05-2020 16:25:15	] [KICK ACTION] Player: Hassan Rashid. has kicked: . for: You have been kicked. Reason: rejoin glitched .
[	21-05-2020 20:26:36	] [KICK ACTION] Player: 👮[LSPD] RAPTOR has kicked: 👮[LSPD] Hopper for: You have been kicked. Reason: AFK HAI TU HOPPER BANK TRIGGER HORAHE HAI.
[	21-05-2020 21:07:02	] [BAN ACTION] A new ban record has been added. Player: 'Heisenburger' was banned by '$$' for 'fail rp.' until '05/21/2020 22:37:02'.
[	21-05-2020 21:08:47	] [BAN ACTION] A new ban record has been added. Player: '[Madni-muna] bullet' was banned by '[LSPD] RAPTOR' for 'Banned by staff.RAPTOR REASON:FAIL-RP PROOF PROVIDED PLEASE READ RULES' until '05/21/2020 22:38:47'.
[	21-05-2020 21:29:48	] [BAN ACTION] The following ban record has been removed (player unbanned). [Player: [Madni-muna] bullet was banned by [LSPD] RAPTOR for Banned by staff.RAPTOR REASON:FAIL-RP PROOF PROVIDED PLEASE READ RULES until 05/21/2020 22:38:47.]
[	21-05-2020 21:49:38	] [BAN ACTION] A new ban record has been added. Player: 'DANISH PRO YT' was banned by '$$' for 'FAIL RP.' until '05/22/2020 21:49:38'.
[	21-05-2020 22:22:56	] [KICK ACTION] Player: $𝒢𝒽𝑜𝓈𝓉$ has kicked: khanshahrean for: You have been kicked. Reason: rdm.
[	21-05-2020 22:42:46	] [BAN ACTION] The following ban record has been removed (player unbanned). The player has been unbanned because their ban duration expired. [Player: Heisenburger was banned by $$ for fail rp. until 5/21/2020 10:37:02 PM.]
[	22-05-2020 00:36:12	] [BAN ACTION] A new ban record has been added. Player: 'Rangeela saien' was banned by 'Hassan Rashid' for 'llpc' until '01/01/3000 00:00:00'.
[	22-05-2020 00:36:50	] [BAN ACTION] A new ban record has been added. Player: 'Flameboy' was banned by 'Hassan Rashid' for 'lpc' until '01/01/3000 00:00:00'.
[	22-05-2020 02:02:00	] [BAN ACTION] A new ban record has been added. Player: '[LSPD] AzamPK' was banned by '[LSPD] RAPTOR' for 'Banned by staff.RAPTOR REASON:LPC' until '05/22/2020 04:02:00'.
[	22-05-2020 02:05:07	] [KICK ACTION] Player: Hassan Rashid. has kicked: arbaz.ahmed95 for: You have been kicked. Reason: glitchedddddddddd.
[	22-05-2020 02:05:24	] [BAN ACTION] The following ban record has been removed (player unbanned). [Player: [LSPD] AzamPK was banned by [LSPD] RAPTOR for Banned by staff.RAPTOR REASON:LPC until 05/22/2020 04:02:00.]
[	22-05-2020 02:05:42	] [BAN ACTION] A new ban record has been added. Player: '[LSPD] RAPTOR' was banned by 'Hassan Rashid' for 'kuss mara' until '05/22/2020 03:35:42'.
[	22-05-2020 02:08:08	] [BAN ACTION] A new ban record has been added. Player: 'Jaeger Pilot' was banned by 'Hassan Rashid' for 'read rules' until '05/22/2020 07:08:08'.
[	22-05-2020 02:52:28	] [BAN ACTION] The following ban record has been removed (player unbanned). [Player: Jaeger Pilot was banned by Hassan Rashid for read rules until 05/22/2020 07:08:08.]
[	22-05-2020 02:52:35	] [BAN ACTION] The following ban record has been removed (player unbanned). [Player: [LSPD] RAPTOR was banned by Hassan Rashid for kuss mara until 05/22/2020 03:35:42.]
[	22-05-2020 03:26:36	] [BAN ACTION] A new ban record has been added. Player: 'Mr Beast' was banned by 'Hassan Rashid' for 'read rules' until '05/22/2020 08:26:36'.
[	22-05-2020 10:42:49	] [KICK ACTION] Player: 👮[LSPD] RAPTOR has kicked: [LSPD]PlaCeR for: You have been kicked. Reason: KICKED BY:RAPTOR REASON:PLEASE REMOVE LSPD FORM YOUR NAME YOU ARE NOT A MEMBER OF LSPD NO HARD FEELI.
[	22-05-2020 11:22:14	] [BAN ACTION] A new ban record has been added. Player: 'mirasshah69' was banned by '[SSG]  KHAN' for 'reason behind is VDM, this is tem ban if we see again we'll ban you permanently thnx for checking our server love for shadow X ' until '05/22/2020 14:52:14'.
[	22-05-2020 11:42:37	] [KICK ACTION] Player: 👮[LSPD] RAPTOR has kicked: life35586 for: You have been kicked. Reason: KICKED BY RAPTOR REASON:YOU ARE INVISIBLE.
[	22-05-2020 12:51:24	] [BAN ACTION] A new ban record has been added. Player: 'F 3 A R' was banned by '[SSG]  KHAN' for 'Banned by staff.' until '05/22/2020 16:51:24'.
[	23-05-2020 01:35:17	] [BAN ACTION] The following ban record has been removed (player unbanned). The player has been unbanned because their ban duration expired. [Player: Mr Beast was banned by Hassan Rashid for read rules until 05/22/2020 08:26:36.]
[	23-05-2020 01:52:34	] [BAN ACTION] A new ban record has been added. Player: 'hamidsupperiorvlogs' was banned by 'Hassan Rashid' for 'read rules agli baar permanent prega' until '05/23/2020 06:52:34'.
[	23-05-2020 06:50:59	] [BAN ACTION] The following ban record has been removed (player unbanned). The player has been unbanned because their ban duration expired. [Player: mirasshah69 was banned by [SSG]  KHAN for reason behind is VDM, this is tem ban if we see again we'll ban you permanently thnx for checking our server love for shadow X  until 05/22/2020 14:52:14.]
[	23-05-2020 06:57:19	] [BAN ACTION] A new ban record has been added. Player: 'R.K' was banned by '[SSG]  KHAN' for 'Banned by staff.' until '05/23/2020 08:27:19'.
[	23-05-2020 07:30:25	] [BAN ACTION] A new ban record has been added. Player: 'rock' was banned by '[SSG]  KHAN' for 'VDM RDM' until '05/23/2020 09:00:25'.
[	23-05-2020 08:06:04	] [BAN ACTION] A new ban record has been added. Player: 'KhaLeeFa' was banned by '[SSG]  KHAN' for 'Banned by staff.' until '05/23/2020 09:36:04'.
[	23-05-2020 08:06:19	] [BAN ACTION] A new ban record has been added. Player: 'mfzn' was banned by '[SSG]  KHAN' for 'Banned by staff.' until '05/23/2020 09:36:19'.
[	23-05-2020 08:06:33	] [BAN ACTION] A new ban record has been added. Player: 'BoneFarm' was banned by '[SSG]  KHAN' for 'Banned by staff.' until '05/23/2020 09:36:33'.
[	23-05-2020 08:23:58	] [BAN ACTION] A new ban record has been added. Player: 'InvalidPlayerName' was banned by '[SSG]  KHAN' for 'Banned by staff.' until '05/23/2020 10:23:58'.
[	23-05-2020 12:07:28	] [BAN ACTION] A new ban record has been added. Player: 'Lucifer*Bunny' was banned by '[IG] Murtaza' for 'Fail rp' until '01/01/3000 00:00:00'.
[	23-05-2020 12:16:57	] [BAN ACTION] The following ban record has been removed (player unbanned). [Player: Lucifer*Bunny was banned by [IG] Murtaza for Fail rp until 01/01/3000 00:00:00.]
[	23-05-2020 12:57:54	] [BAN ACTION] A new ban record has been added. Player: 'jainthomas783' was banned by '[SSG]  KHAN' for 'Banned by staff.' until '05/23/2020 14:27:54'.
[	23-05-2020 14:35:56	] [BAN ACTION] The following ban record has been removed (player unbanned). The player has been unbanned because their ban duration expired. [Player: hamidsupperiorvlogs was banned by Hassan Rashid for read rules agli baar permanent prega until 05/23/2020 06:52:34.]
[	23-05-2020 15:08:04	] [BAN ACTION] A new ban record has been added. Player: '{JOKER} $AK 47$' was banned by '[LSPD] RAPTOR' for 'Banned by staff RAPTOR REASON:CARRYING IN SAFE ZONE IS NOT ALLOWDED' until '05/23/2020 15:26:04'.
[	23-05-2020 15:31:37	] [BAN ACTION] A new ban record has been added. Player: 'hamidsupperiorvlogs' was banned by 'Hassan Rashid' for 'Banned by staff.' until '01/01/3000 00:00:00'.
[	23-05-2020 15:32:53	] [BAN ACTION] A new ban record has been added. Player: 'NINJUTSU_MASTER' was banned by '[DIG]Ninja prime' for 'Banned by staff.' until '05/23/2020 20:32:53'.
[	23-05-2020 15:35:18	] [BAN ACTION] The following ban record has been removed (player unbanned). [Player: NINJUTSU_MASTER was banned by [DIG]Ninja prime for Banned by staff. until 05/23/2020 20:32:53.]
[	23-05-2020 15:35:22	] [BAN ACTION] The following ban record has been removed (player unbanned). [Player: NINJUTSU_MASTER was banned by [DIG]Ninja prime for Banned by staff. until 05/23/2020 20:32:53.]
[	23-05-2020 15:35:47	] [BAN ACTION] A new ban record has been added. Player: '[Gaitonde] Raza' was banned by '[DIG]Ninja prime' for 'Banned by staff.' until '05/23/2020 20:35:47'.
[	23-05-2020 15:45:27	] [BAN ACTION] The following ban record has been removed (player unbanned). The player has been unbanned because their ban duration expired. [Player: {JOKER} $AK 47$ was banned by [LSPD] RAPTOR for Banned by staff RAPTOR REASON:CARRYING IN SAFE ZONE IS NOT ALLOWDED until 05/23/2020 15:26:04.]
[	23-05-2020 16:07:18	] [BAN ACTION] A new ban record has been added. Player: 'NightShade' was banned by 'Hassan Rashid' for 'rdm is not allowed read rules please' until '05/23/2020 20:07:18'.
[	23-05-2020 16:39:17	] [BAN ACTION] A new ban record has been added. Player: 'Aly Minati YT' was banned by '[LSPD] RAPTOR' for 'Banned by staff.RAPTOR REASON:BANNED YOU NAY TIMES TO READ RULES BUT YOU DONT READ RULES COME TO DSICORD AND TALK WITH US' until '06/22/2020 16:39:17'.
[	23-05-2020 17:53:45	] [BAN ACTION] The following ban record has been removed (player unbanned). [Player: [Gaitonde] Raza was banned by [DIG]Ninja prime for Banned by staff. until 05/23/2020 20:35:47.]
[	23-05-2020 18:19:49	] [BAN ACTION] A new ban record has been added. Player: 'TAUDA  PIYO' was banned by 'Hassan Rashid' for 'Banned by staff.' until '05/23/2020 19:49:49'.
[	23-05-2020 18:37:51	] [BAN ACTION] The following ban record has been removed (player unbanned). [Player: Aly Minati YT was banned by [LSPD] RAPTOR for Banned by staff.RAPTOR REASON:BANNED YOU NAY TIMES TO READ RULES BUT YOU DONT READ RULES COME TO DSICORD AND TALK WITH US until 06/22/2020 16:39:17.]
[	23-05-2020 20:34:48	] [KICK ACTION] Player: [SSG]  KHAN has kicked: 👮[LSPD] RAPTOR for: You have been kicked. Reason: in active .
[	23-05-2020 21:12:53	] [BAN ACTION] The following ban record has been removed (player unbanned). The player has been unbanned because their ban duration expired. [Player: TAUDA  PIYO was banned by Hassan Rashid for Banned by staff. until 05/23/2020 19:49:49.]
[	23-05-2020 22:04:13	] [BAN ACTION] A new ban record has been added. Player: 'ANONYMOUS' was banned by '[SSG]  KHAN' for 'Banned by staff.' until '01/01/3000 00:00:00'.
[	23-05-2020 22:16:02	] [BAN ACTION] A new ban record has been added. Player: '*' was banned by '[SSG]  KHAN' for 'Banned by staff.' until '01/01/3000 00:00:00'.
[	23-05-2020 22:16:55	] [BAN ACTION] A new ban record has been added. Player: 'abdulahadkhann69' was banned by '[SSG]  KHAN' for 'Banned by staff.' until '01/01/3000 00:00:00'.
[	23-05-2020 22:18:18	] [BAN ACTION] A new ban record has been added. Player: 'KINGSMAN007' was banned by '[SSG]  KHAN' for 'Banned by staff.' until '01/01/3000 00:00:00'.
[	23-05-2020 22:20:09	] [BAN ACTION] A new ban record has been added. Player: 'hanzalaarbab' was banned by '[SSG]  KHAN' for 'Banned by staff.' until '01/01/3000 00:00:00'.
[	23-05-2020 22:23:13	] [BAN ACTION] A new ban record has been added. Player: '[Gaitonde] Raza' was banned by 'Hassan Rashid' for 'Banned by staff.' until '01/01/3000 00:00:00'.
[	23-05-2020 22:56:10	] [BAN ACTION] The following ban record has been removed (player unbanned). [Player: [Gaitonde] Raza was banned by Hassan Rashid for Banned by staff. until 01/01/3000 00:00:00.]
[	23-05-2020 22:56:16	] [BAN ACTION] The following ban record has been removed (player unbanned). [Player: KINGSMAN007 was banned by [SSG]  KHAN for Banned by staff. until 01/01/3000 00:00:00.]
[	23-05-2020 23:41:32	] [BAN ACTION] The following ban record has been removed (player unbanned). [Player: * was banned by [SSG]  KHAN for Banned by staff. until 01/01/3000 00:00:00.]
[	24-05-2020 05:01:55	] [BAN ACTION] The following ban record has been removed (player unbanned). [Player: abdulahadkhann69 was banned by [SSG]  KHAN for Banned by staff. until 01/01/3000 00:00:00.]
[	24-05-2020 09:01:28	] [BAN ACTION] The following ban record has been removed (player unbanned). The player has been unbanned because their ban duration expired. [Player: jainthomas783 was banned by [SSG]  KHAN for Banned by staff. until 5/23/2020 2:27:54 PM.]
[	24-05-2020 15:51:04	] [BAN ACTION] A new ban record has been added. Player: 'GHOST T_T' was banned by '[DIG]Ninja prime' for 'Banned by staff.RDM PLZ READ ROLES' until '05/25/2020 01:51:04'.
[	24-05-2020 16:50:47	] [BAN ACTION] A new ban record has been added. Player: 'ismail.khan 10' was banned by '[DIG]Ninja prime' for 'Banned by staff.read rule and rdm' until '05/25/2020 02:50:47'.
[	24-05-2020 16:55:03	] [BAN ACTION] The following ban record has been removed (player unbanned). The player has been unbanned because their ban duration expired. [Player: NightShade was banned by Hassan Rashid for rdm is not allowed read rules please until 5/23/2020 8:07:18 PM.]
[	24-05-2020 18:19:44	] [BAN ACTION] A new ban record has been added. Player: 'muzamilbagrani13' was banned by '[DIG]Ninja prime' for 'Banned by staff.VDM AND read server roles ' until '05/24/2020 19:49:44'.
[	24-05-2020 19:51:17	] [BAN ACTION] The following ban record has been removed (player unbanned). The player has been unbanned because their ban duration expired. [Player: muzamilbagrani13 was banned by [DIG]Ninja prime for Banned by staff.VDM AND read server roles  until 5/24/2020 7:49:44 PM.]
[	24-05-2020 20:51:39	] [BAN ACTION] A new ban record has been added. Player: 'abdulqayyum6197' was banned by '[SSG]  KHAN' for 'Banned by staff.' until '05/24/2020 22:21:39'.
[	24-05-2020 22:29:51	] [BAN ACTION] A new ban record has been added. Player: 'muhammadmoosa2786' was banned by 'Hassan Rashid' for 'ainda vdm p permanent prega' until '05/25/2020 03:29:51'.
[	24-05-2020 23:21:30	] [BAN ACTION] A new ban record has been added. Player: 'pkinsider1' was banned by 'Hassan Rashid' for 'read rules you cant kill ems' until '05/25/2020 12:21:30'.
[	25-05-2020 05:15:13	] [BAN ACTION] A new ban record has been added. Player: 'luckey' was banned by 'Hassan Rashid' for 'maa ki phudi ma de' until '01/01/3000 00:00:00'.
[	25-05-2020 09:03:11	] [KICK ACTION] Player: 👮[LSPD] RAPTOR has kicked:  for: You have been kicked. Reason: LPC.
[	25-05-2020 09:12:15	] [KICK ACTION] Player: 👮[LSPD] RAPTOR has kicked: shehzki for: You have been kicked. Reason: LSPD CLOTHES ARE NOT ALLOWDED.
[	25-05-2020 09:29:33	] [BAN ACTION] The following ban record has been removed (player unbanned). The player has been unbanned because their ban duration expired. [Player: abdulqayyum6197 was banned by [SSG]  KHAN for Banned by staff. until 5/24/2020 10:21:39 PM.]
[	25-05-2020 13:09:28	] [KICK ACTION] Player: 👮[LSPD] RAPTOR has kicked: SLINGER Plays for: You have been kicked. Reason: read rules.
[	25-05-2020 13:51:42	] [BAN ACTION] A new ban record has been added. Player: 'MrGhost' was banned by '[LSPD] RAPTOR' for 'Banned by staff.RAPTOR REASON: LUN PE CHAR BHENCHOD GHASHTI' until '06/24/2020 13:51:42'.
[	25-05-2020 18:42:40	] [BAN ACTION] The following ban record has been removed (player unbanned). The player has been unbanned because their ban duration expired. [Player: pkinsider1 was banned by Hassan Rashid for read rules you cant kill ems until 5/25/2020 12:21:30 PM.]
[	25-05-2020 21:43:22	] [BAN ACTION] A new ban record has been added. Player: 'Lost Soul' was banned by 'Hassan Rashid' for 'read rules abusing is not allowed at all' until '01/01/3000 00:00:00'.
[	25-05-2020 22:07:16	] [BAN ACTION] A new ban record has been added. Player: 'MR BIGUSS DICKUSS' was banned by 'Hassan Rashid' for 'vdm rdm not allowed read rules first' until '05/26/2020 22:07:16'.
[	26-05-2020 00:53:55	] [BAN ACTION] A new ban record has been added. Player: 'Biyok' was banned by 'Hassan Rashid' for 'maa chuda' until '01/01/3000 00:00:00'.
[	26-05-2020 00:54:04	] [BAN ACTION] A new ban record has been added. Player: 'Mohammad [PANDEY]' was banned by 'Hassan Rashid' for 'maa chuda' until '01/01/3000 00:00:00'.
[	26-05-2020 14:01:45	] [BAN ACTION] A new ban record has been added. Player: 'paadri123321' was banned by '[DIG]Ninja prime' for 'Banned by staff.hacker' until '01/01/3000 00:00:00'.
[	26-05-2020 14:03:33	] [BAN ACTION] The following ban record has been removed (player unbanned). [Player: paadri123321 was banned by [DIG]Ninja prime for Banned by staff.hacker until 01/01/3000 00:00:00.]
[	10-06-2020 16:49:19	] [BAN ACTION] The following ban record has been removed (player unbanned). [Player: Mohammad [PANDEY] was banned by Hassan Rashid for maa chuda until 01/01/3000 00:00:00.]
[	10-06-2020 16:49:21	] [BAN ACTION] The following ban record has been removed (player unbanned). [Player: DehnssikivuT was banned by AhsanQureshi for Banned by staff. until 03/17/2020 18:40:28.]
[	10-06-2020 16:49:22	] [BAN ACTION] The following ban record has been removed (player unbanned). [Player: Wicked was banned by [ Weazel News] MR Mini for Banned by staff.fuck off until 01/01/3000 00:00:00.]
[	10-06-2020 16:49:25	] [BAN ACTION] The following ban record has been removed (player unbanned). [Player: Biyok was banned by Hassan Rashid for maa chuda until 01/01/3000 00:00:00.]
[	10-06-2020 16:49:27	] [BAN ACTION] The following ban record has been removed (player unbanned). [Player: Showkilla was banned by [yakuza] Hassan for Banned by staff. until 01/01/3000 00:00:00.]
[	10-06-2020 16:49:29	] [BAN ACTION] The following ban record has been removed (player unbanned). [Player: MR BIGUSS DICKUSS was banned by Hassan Rashid for vdm rdm not allowed read rules first until 05/26/2020 22:07:16.]
[	10-06-2020 16:49:32	] [BAN ACTION] The following ban record has been removed (player unbanned). [Player: Lost Soul was banned by Hassan Rashid for read rules abusing is not allowed at all until 01/01/3000 00:00:00.]
[	10-06-2020 16:49:34	] [BAN ACTION] The following ban record has been removed (player unbanned). [Player: MrGhost was banned by [LSPD] RAPTOR for Banned by staff.RAPTOR REASON: LUN PE CHAR BHENCHOD GHASHTI until 06/24/2020 13:51:42.]
[	10-06-2020 16:49:36	] [BAN ACTION] The following ban record has been removed (player unbanned). [Player: luckey was banned by Hassan Rashid for maa ki phudi ma de until 01/01/3000 00:00:00.]
[	10-06-2020 16:49:38	] [BAN ACTION] The following ban record has been removed (player unbanned). [Player: SLAYER was banned by [yakuza] Hassan for Banned by staff. until 01/01/3000 00:00:00.]
[	10-06-2020 16:49:39	] [BAN ACTION] The following ban record has been removed (player unbanned). [Player: wilsonchandekar was banned by [yakuza] Hassan for Banned by staff.hacking until 01/01/3000 00:00:00.]
[	10-06-2020 16:49:42	] [BAN ACTION] The following ban record has been removed (player unbanned). [Player: PAPI was banned by [yakuza] Hassan for Banned by staff. until 01/01/3000 00:00:00.]
[	10-06-2020 16:49:44	] [BAN ACTION] The following ban record has been removed (player unbanned). [Player: Hamid JuTT was banned by Hassan Rashid for lpc until 01/01/3000 00:00:00.]
[	10-06-2020 16:49:46	] [BAN ACTION] The following ban record has been removed (player unbanned). [Player: muhammadmoosa2786 was banned by Hassan Rashid for ainda vdm p permanent prega until 05/25/2020 03:29:51.]
[	10-06-2020 16:49:48	] [BAN ACTION] The following ban record has been removed (player unbanned). [Player: ismail.khan 10 was banned by [DIG]Ninja prime for Banned by staff.read rule and rdm until 05/25/2020 02:50:47.]
[	10-06-2020 16:49:50	] [BAN ACTION] The following ban record has been removed (player unbanned). [Player: GHOST T_T was banned by [DIG]Ninja prime for Banned by staff.RDM PLZ READ ROLES until 05/25/2020 01:51:04.]
[	10-06-2020 16:49:52	] [BAN ACTION] The following ban record has been removed (player unbanned). [Player: hanzalaarbab was banned by [SSG]  KHAN for Banned by staff. until 01/01/3000 00:00:00.]
[	10-06-2020 16:49:55	] [BAN ACTION] The following ban record has been removed (player unbanned). [Player: ANONYMOUS was banned by [SSG]  KHAN for Banned by staff. until 01/01/3000 00:00:00.]
[	10-06-2020 16:49:58	] [BAN ACTION] The following ban record has been removed (player unbanned). [Player: hamidsupperiorvlogs was banned by Hassan Rashid for Banned by staff. until 01/01/3000 00:00:00.]
[	10-06-2020 16:50:00	] [BAN ACTION] The following ban record has been removed (player unbanned). [Player: InvalidPlayerName was banned by [SSG]  KHAN for Banned by staff. until 05/23/2020 10:23:58.]
[	10-06-2020 16:50:01	] [BAN ACTION] The following ban record has been removed (player unbanned). [Player: BoneFarm was banned by [SSG]  KHAN for Banned by staff. until 05/23/2020 09:36:33.]
[	10-06-2020 16:50:03	] [BAN ACTION] The following ban record has been removed (player unbanned). [Player: mfzn was banned by [SSG]  KHAN for Banned by staff. until 05/23/2020 09:36:19.]
[	10-06-2020 16:50:17	] [BAN ACTION] The following ban record has been removed (player unbanned). [Player: KhaLeeFa was banned by [SSG]  KHAN for Banned by staff. until 05/23/2020 09:36:04.]
[	10-06-2020 16:50:19	] [BAN ACTION] The following ban record has been removed (player unbanned). [Player: rock was banned by [SSG]  KHAN for VDM RDM until 05/23/2020 09:00:25.]
[	10-06-2020 16:50:21	] [BAN ACTION] The following ban record has been removed (player unbanned). [Player: minku786.mk84 was banned by [yakuza] Hassan for Banned by staff. until 01/01/3000 00:00:00.]
[	10-06-2020 16:50:23	] [BAN ACTION] The following ban record has been removed (player unbanned). [Player: R.K was banned by [SSG]  KHAN for Banned by staff. until 05/23/2020 08:27:19.]
[	10-06-2020 16:50:25	] [BAN ACTION] The following ban record has been removed (player unbanned). [Player: F 3 A R was banned by [SSG]  KHAN for Banned by staff. until 05/22/2020 16:51:24.]
[	10-06-2020 16:50:27	] [BAN ACTION] The following ban record has been removed (player unbanned). [Player: Flameboy was banned by Hassan Rashid for lpc until 01/01/3000 00:00:00.]
[	10-06-2020 16:50:29	] [BAN ACTION] The following ban record has been removed (player unbanned). [Player: Rangeela saien was banned by Hassan Rashid for llpc until 01/01/3000 00:00:00.]
[	10-06-2020 16:50:31	] [BAN ACTION] The following ban record has been removed (player unbanned). [Player: DANISH PRO YT was banned by $$ for FAIL RP. until 05/22/2020 21:49:38.]
[	10-06-2020 16:50:34	] [BAN ACTION] The following ban record has been removed (player unbanned). [Player: InFY was banned by [LSPD] RAPTOR for Banned by staff.RAPTOR REASON:FUCK OFF HACKER until 06/20/2020 06:29:07.]
[	10-06-2020 16:50:37	] [BAN ACTION] The following ban record has been removed (player unbanned). [Player: InvalidPlayerName was banned by [IG] Murtaza for FAIL RP until 05/23/2020 13:58:22.]
[	10-06-2020 16:50:41	] [BAN ACTION] The following ban record has been removed (player unbanned). [Player: [Mafia]Joker was banned by [LSPD] RAPTOR for Banned by staff.RAPTOR REASON:HACKING COME ON DISCORD TO TALK until 06/18/2020 08:15:32.]
[	10-06-2020 16:50:44	] [BAN ACTION] The following ban record has been removed (player unbanned). [Player: wy.'+ was banned by [SSG]  KHAN for aab tum bhi apni marwao uss gandu ke sath mardarchod ke bachay apni maa ki kuss sambal chaklay pe beth thi hai  until 01/01/3000 00:00:00.]
[	10-06-2020 16:50:47	] [BAN ACTION] The following ban record has been removed (player unbanned). [Player: TrU3 loV3R.'+ was banned by [SSG]  KHAN for Banned  until 01/01/3000 00:00:00.]
[	10-06-2020 16:50:49	] [BAN ACTION] The following ban record has been removed (player unbanned). [Player: HAMMAD PASHA was banned by [IG] Murtaza for Fail rp until 01/01/3000 00:00:00.]
[	10-06-2020 16:50:51	] [BAN ACTION] The following ban record has been removed (player unbanned). [Player: xXmLoneWolfXx was banned by [IG] Murtaza for prmotion until 01/01/3000 00:00:00.]
[	10-06-2020 16:50:55	] [BAN ACTION] The following ban record has been removed (player unbanned). [Player: SHEIKH was banned by Hassan Rashid for xxx until 01/01/3000 00:00:00.]
[	10-06-2020 16:50:57	] [BAN ACTION] The following ban record has been removed (player unbanned). [Player: Mini was banned by Hassan Rashid for lpc until 01/01/3000 00:00:00.]
[	10-06-2020 16:51:07	] [BAN ACTION] The following ban record has been removed (player unbanned). [Player: Spinner was banned by DADDY for Banned by staff. until 01/01/3000 00:00:00.]
[	10-06-2020 16:51:09	] [BAN ACTION] The following ban record has been removed (player unbanned). [Player: Swaami [Pandey] was banned by Hassan Rashid for Banned by staff. until 01/01/3000 00:00:00.]
[	10-06-2020 16:51:11	] [BAN ACTION] The following ban record has been removed (player unbanned). [Player: InvalidPlayerName was banned by [IG] Murtaza for Banned by staff. until 01/01/3000 00:00:00.]
[	10-06-2020 16:51:13	] [BAN ACTION] The following ban record has been removed (player unbanned). [Player: Mato was banned by [IG] Murtaza for Banned by staff. until 01/01/3000 00:00:00.]
[	10-06-2020 16:51:15	] [BAN ACTION] The following ban record has been removed (player unbanned). [Player: meekailshaikh2020 was banned by [IG] Murtaza for hacking until 01/01/3000 00:00:00.]
[	10-06-2020 16:51:17	] [BAN ACTION] The following ban record has been removed (player unbanned). [Player: KachorijI was banned by [IG] Murtaza for VDM until 04/30/2020 21:18:21.]
[	10-06-2020 16:51:18	] [BAN ACTION] The following ban record has been removed (player unbanned). [Player: K was banned by [IG] Murtaza for VDM until 04/30/2020 20:16:58.]
[	10-06-2020 16:51:20	] [BAN ACTION] The following ban record has been removed (player unbanned). [Player: HimuGo was banned by Beast Murtaza for Fail rp until 04/29/2020 20:47:31.]
[	10-06-2020 16:51:22	] [BAN ACTION] The following ban record has been removed (player unbanned). [Player: Shiekh was banned by Beast Murtaza for Banned by staff. until 01/01/3000 00:00:00.]
[	10-06-2020 16:51:24	] [BAN ACTION] The following ban record has been removed (player unbanned). [Player: Fresh Ozie was banned by Hassan Rashid for Banned by staff. until 04/23/2020 23:42:41.]
[	10-06-2020 16:51:27	] [BAN ACTION] The following ban record has been removed (player unbanned). [Player: {NINJA} RED GOKU was banned by Hassan Rashid for Banned by staff. until 01/01/3000 00:00:00.]
[	10-06-2020 16:51:32	] [BAN ACTION] The following ban record has been removed (player unbanned). [Player: PERO MAN was banned by OKAY for Banned by staff. use bugs or cheating until 01/01/3000 00:00:00.]
[	10-06-2020 16:51:33	] [BAN ACTION] The following ban record has been removed (player unbanned). [Player: InvalidPlayerName was banned by [LSPD] AB!D for Using glith and cheat until 01/01/3000 00:00:00.]
[	10-06-2020 16:51:35	] [BAN ACTION] The following ban record has been removed (player unbanned). [Player: SKIVJET was banned by Ali X Gaming for Banned by staff. until 01/01/3000 00:00:00.]
[	10-06-2020 16:51:38	] [BAN ACTION] The following ban record has been removed (player unbanned). [Player: rogos was banned by DADDY for Banned by staff. until 01/01/3000 00:00:00.]
[	10-06-2020 16:51:40	] [BAN ACTION] The following ban record has been removed (player unbanned). [Player: JAMALI USTAAD was banned by [LSPD] AB!D for Banned by staff. until 01/01/3000 00:00:00.]
[	10-06-2020 16:51:41	] [BAN ACTION] The following ban record has been removed (player unbanned). [Player: ZeUs was banned by DADDY for Banned by staff. until 01/01/3000 00:00:00.]
[	10-06-2020 16:51:44	] [BAN ACTION] The following ban record has been removed (player unbanned). [Player: Conrad was banned by [LSPD] AB!D for Banned by staff. until 04/11/2020 21:06:26.]
[	10-06-2020 16:51:46	] [BAN ACTION] The following ban record has been removed (player unbanned). [Player: caxer97270 was banned by [LSPD] AB!D for Banned by staff. until 01/01/3000 00:00:00.]
[	10-06-2020 16:51:48	] [BAN ACTION] The following ban record has been removed (player unbanned). [Player: sudhanshu was banned by [LSPD] AB!D for Banned by staff. until 01/01/3000 00:00:00.]
[	10-06-2020 16:51:54	] [BAN ACTION] The following ban record has been removed (player unbanned). [Player: gunraj was banned by [LSPD] AB!D for Banned by staff. until 04/17/2020 20:24:59.]
[	10-06-2020 16:52:00	] [BAN ACTION] The following ban record has been removed (player unbanned). [Player: Kihom Gaming was banned by Unknown for Banned by staff. Contact on discord until 01/01/3000 00:00:00.]
[	10-06-2020 16:52:02	] [BAN ACTION] The following ban record has been removed (player unbanned). [Player: averxnce was banned by [LSPD] AB!D for Banned by staff. until 04/12/2020 16:49:26.]
[	10-06-2020 16:52:04	] [BAN ACTION] The following ban record has been removed (player unbanned). [Player: VBreak_YT was banned by [LSPD] AB!D for Banned by staff. until 04/11/2020 15:45:12.]
[	10-06-2020 16:52:06	] [BAN ACTION] The following ban record has been removed (player unbanned). [Player: Tera Baap Bc was banned by [MAFIA] Hassan for Banned by staff. until 04/10/2020 16:03:24.]
[	10-06-2020 16:52:08	] [BAN ACTION] The following ban record has been removed (player unbanned). [Player: InvalidPlayerName was banned by [LSPD] AB!D for Banned by staff. until 04/04/2020 11:49:11.]
[	10-06-2020 16:52:09	] [BAN ACTION] The following ban record has been removed (player unbanned). [Player: anh 5 c lm was banned by DADDY for Banned by staff. until 04/04/2020 08:26:06.]
[	10-06-2020 16:52:11	] [BAN ACTION] The following ban record has been removed (player unbanned). [Player: AIMANxGAMER was banned by DADDY for Banned by staff. until 01/01/3000 00:00:00.]
[	10-06-2020 16:52:13	] [BAN ACTION] The following ban record has been removed (player unbanned). [Player: Sisustaj4 was banned by DADDY for Banned by staff. until 01/01/3000 00:00:00.]
[	10-06-2020 16:52:15	] [BAN ACTION] The following ban record has been removed (player unbanned). [Player: InvalidPlayerName was banned by DADDY for Banned by staff. until 01/01/3000 00:00:00.]
[	10-06-2020 16:52:18	] [BAN ACTION] The following ban record has been removed (player unbanned). [Player: tony elmontana was banned by DADDY for Banned by staff. until 01/01/3000 00:00:00.]
[	10-06-2020 16:52:19	] [BAN ACTION] The following ban record has been removed (player unbanned). [Player: karan_dc2 was banned by DADDY for Banned by staff. until 01/01/3000 00:00:00.]
[	10-06-2020 16:52:21	] [BAN ACTION] The following ban record has been removed (player unbanned). [Player: Skoobaru was banned by DADDY for Banned by staff. until 01/01/3000 00:00:00.]
